{"message":"Checking for authenticator support.","context":{"firewall_name":"main","authenticators":2},"level":100,"level_name":"DEBUG","channel":"security","datetime":"2025-04-01T15:09:52.366236+00:00","extra":{}}
{"message":"Checking support on authenticator.","context":{"firewall_name":"main","authenticator":"Symfony\\Component\\Security\\Http\\Authenticator\\FormLoginAuthenticator"},"level":100,"level_name":"DEBUG","channel":"security","datetime":"2025-04-01T15:09:52.368398+00:00","extra":{}}
{"message":"Authenticator does not support the request.","context":{"firewall_name":"main","authenticator":"Symfony\\Component\\Security\\Http\\Authenticator\\FormLoginAuthenticator"},"level":100,"level_name":"DEBUG","channel":"security","datetime":"2025-04-01T15:09:52.368579+00:00","extra":{}}
{"message":"Checking support on authenticator.","context":{"firewall_name":"main","authenticator":"Symfony\\Component\\Security\\Http\\Authenticator\\RememberMeAuthenticator"},"level":100,"level_name":"DEBUG","channel":"security","datetime":"2025-04-01T15:09:52.368702+00:00","extra":{}}
{"message":"Authenticator does not support the request.","context":{"firewall_name":"main","authenticator":"Symfony\\Component\\Security\\Http\\Authenticator\\RememberMeAuthenticator"},"level":100,"level_name":"DEBUG","channel":"security","datetime":"2025-04-01T15:09:52.368966+00:00","extra":{}}
{"message":"Access denied, the user is not fully authenticated; redirecting to authentication entry point.","context":{"exception":{"class":"Symfony\\Component\\Security\\Core\\Exception\\AccessDeniedException","message":"Access Denied.","code":403,"file":"/project/sandbox/user-workspace/repair-manager/vendor/symfony/security-http/Firewall/AccessListener.php:87"}},"level":100,"level_name":"DEBUG","channel":"security","datetime":"2025-04-01T15:09:52.385776+00:00","extra":{}}
{"message":"Calling Authentication entry point.","context":{"entry_point":{}},"level":100,"level_name":"DEBUG","channel":"security","datetime":"2025-04-01T15:09:52.386151+00:00","extra":{}}
{"message":"Checking for authenticator support.","context":{"firewall_name":"main","authenticators":2},"level":100,"level_name":"DEBUG","channel":"security","datetime":"2025-04-01T15:09:52.735552+00:00","extra":{}}
{"message":"Checking support on authenticator.","context":{"firewall_name":"main","authenticator":"Symfony\\Component\\Security\\Http\\Authenticator\\FormLoginAuthenticator"},"level":100,"level_name":"DEBUG","channel":"security","datetime":"2025-04-01T15:09:52.735765+00:00","extra":{}}
{"message":"Authenticator does not support the request.","context":{"firewall_name":"main","authenticator":"Symfony\\Component\\Security\\Http\\Authenticator\\FormLoginAuthenticator"},"level":100,"level_name":"DEBUG","channel":"security","datetime":"2025-04-01T15:09:52.735922+00:00","extra":{}}
{"message":"Checking support on authenticator.","context":{"firewall_name":"main","authenticator":"Symfony\\Component\\Security\\Http\\Authenticator\\RememberMeAuthenticator"},"level":100,"level_name":"DEBUG","channel":"security","datetime":"2025-04-01T15:09:52.736038+00:00","extra":{}}
{"message":"Authenticator does not support the request.","context":{"firewall_name":"main","authenticator":"Symfony\\Component\\Security\\Http\\Authenticator\\RememberMeAuthenticator"},"level":100,"level_name":"DEBUG","channel":"security","datetime":"2025-04-01T15:09:52.736125+00:00","extra":{}}
{"message":"Checking for authenticator support.","context":{"firewall_name":"main","authenticators":2},"level":100,"level_name":"DEBUG","channel":"security","datetime":"2025-04-01T15:10:13.953935+00:00","extra":{}}
{"message":"Checking support on authenticator.","context":{"firewall_name":"main","authenticator":"Symfony\\Component\\Security\\Http\\Authenticator\\FormLoginAuthenticator"},"level":100,"level_name":"DEBUG","channel":"security","datetime":"2025-04-01T15:10:13.954341+00:00","extra":{}}
{"message":"Authenticator does not support the request.","context":{"firewall_name":"main","authenticator":"Symfony\\Component\\Security\\Http\\Authenticator\\FormLoginAuthenticator"},"level":100,"level_name":"DEBUG","channel":"security","datetime":"2025-04-01T15:10:13.954589+00:00","extra":{}}
{"message":"Checking support on authenticator.","context":{"firewall_name":"main","authenticator":"Symfony\\Component\\Security\\Http\\Authenticator\\RememberMeAuthenticator"},"level":100,"level_name":"DEBUG","channel":"security","datetime":"2025-04-01T15:10:13.954806+00:00","extra":{}}
{"message":"Authenticator does not support the request.","context":{"firewall_name":"main","authenticator":"Symfony\\Component\\Security\\Http\\Authenticator\\RememberMeAuthenticator"},"level":100,"level_name":"DEBUG","channel":"security","datetime":"2025-04-01T15:10:13.955028+00:00","extra":{}}
{"message":"Access denied, the user is not fully authenticated; redirecting to authentication entry point.","context":{"exception":{"class":"Symfony\\Component\\Security\\Core\\Exception\\AccessDeniedException","message":"Access Denied.","code":403,"file":"/project/sandbox/user-workspace/repair-manager/vendor/symfony/security-http/Firewall/AccessListener.php:87"}},"level":100,"level_name":"DEBUG","channel":"security","datetime":"2025-04-01T15:10:13.969733+00:00","extra":{}}
{"message":"Calling Authentication entry point.","context":{"entry_point":{}},"level":100,"level_name":"DEBUG","channel":"security","datetime":"2025-04-01T15:10:13.970480+00:00","extra":{}}
{"message":"Checking for authenticator support.","context":{"firewall_name":"main","authenticators":2},"level":100,"level_name":"DEBUG","channel":"security","datetime":"2025-04-01T15:10:14.422475+00:00","extra":{}}
{"message":"Checking support on authenticator.","context":{"firewall_name":"main","authenticator":"Symfony\\Component\\Security\\Http\\Authenticator\\FormLoginAuthenticator"},"level":100,"level_name":"DEBUG","channel":"security","datetime":"2025-04-01T15:10:14.422862+00:00","extra":{}}
{"message":"Authenticator does not support the request.","context":{"firewall_name":"main","authenticator":"Symfony\\Component\\Security\\Http\\Authenticator\\FormLoginAuthenticator"},"level":100,"level_name":"DEBUG","channel":"security","datetime":"2025-04-01T15:10:14.423089+00:00","extra":{}}
{"message":"Checking support on authenticator.","context":{"firewall_name":"main","authenticator":"Symfony\\Component\\Security\\Http\\Authenticator\\RememberMeAuthenticator"},"level":100,"level_name":"DEBUG","channel":"security","datetime":"2025-04-01T15:10:14.423398+00:00","extra":{}}
{"message":"Authenticator does not support the request.","context":{"firewall_name":"main","authenticator":"Symfony\\Component\\Security\\Http\\Authenticator\\RememberMeAuthenticator"},"level":100,"level_name":"DEBUG","channel":"security","datetime":"2025-04-01T15:10:14.423729+00:00","extra":{}}
{"message":"Checking for authenticator support.","context":{"firewall_name":"main","authenticators":2},"level":100,"level_name":"DEBUG","channel":"security","datetime":"2025-04-01T15:12:43.323846+00:00","extra":{}}
{"message":"Checking support on authenticator.","context":{"firewall_name":"main","authenticator":"Symfony\\Component\\Security\\Http\\Authenticator\\FormLoginAuthenticator"},"level":100,"level_name":"DEBUG","channel":"security","datetime":"2025-04-01T15:12:43.325917+00:00","extra":{}}
{"message":"Authenticator does not support the request.","context":{"firewall_name":"main","authenticator":"Symfony\\Component\\Security\\Http\\Authenticator\\FormLoginAuthenticator"},"level":100,"level_name":"DEBUG","channel":"security","datetime":"2025-04-01T15:12:43.326107+00:00","extra":{}}
{"message":"Checking support on authenticator.","context":{"firewall_name":"main","authenticator":"Symfony\\Component\\Security\\Http\\Authenticator\\RememberMeAuthenticator"},"level":100,"level_name":"DEBUG","channel":"security","datetime":"2025-04-01T15:12:43.326205+00:00","extra":{}}
{"message":"Authenticator does not support the request.","context":{"firewall_name":"main","authenticator":"Symfony\\Component\\Security\\Http\\Authenticator\\RememberMeAuthenticator"},"level":100,"level_name":"DEBUG","channel":"security","datetime":"2025-04-01T15:12:43.326327+00:00","extra":{}}
{"message":"Checking for authenticator support.","context":{"firewall_name":"main","authenticators":2},"level":100,"level_name":"DEBUG","channel":"security","datetime":"2025-04-01T15:12:51.293781+00:00","extra":{}}
{"message":"Checking support on authenticator.","context":{"firewall_name":"main","authenticator":"Symfony\\Component\\Security\\Http\\Authenticator\\FormLoginAuthenticator"},"level":100,"level_name":"DEBUG","channel":"security","datetime":"2025-04-01T15:12:51.293973+00:00","extra":{}}
{"message":"Checking support on authenticator.","context":{"firewall_name":"main","authenticator":"Symfony\\Component\\Security\\Http\\Authenticator\\RememberMeAuthenticator"},"level":100,"level_name":"DEBUG","channel":"security","datetime":"2025-04-01T15:12:51.294084+00:00","extra":{}}
{"message":"Authenticator does not support the request.","context":{"firewall_name":"main","authenticator":"Symfony\\Component\\Security\\Http\\Authenticator\\RememberMeAuthenticator"},"level":100,"level_name":"DEBUG","channel":"security","datetime":"2025-04-01T15:12:51.294314+00:00","extra":{}}
{"message":"Authenticator failed.","context":{"exception":{"class":"Symfony\\Component\\Security\\Core\\Exception\\BadCredentialsException","message":"The presented password is invalid.","code":0,"file":"/project/sandbox/user-workspace/repair-manager/vendor/symfony/security-http/EventListener/CheckCredentialsListener.php:69"},"authenticator":"Symfony\\Component\\Security\\Http\\Authenticator\\FormLoginAuthenticator"},"level":200,"level_name":"INFO","channel":"security","datetime":"2025-04-01T15:12:51.850961+00:00","extra":{}}
{"message":"Authentication failure, redirect triggered.","context":{"failure_path":"app_login"},"level":100,"level_name":"DEBUG","channel":"security","datetime":"2025-04-01T15:12:51.851209+00:00","extra":{}}
{"message":"The \"Symfony\\Component\\Security\\Http\\Authenticator\\FormLoginAuthenticator\" authenticator set the failure response.","context":{"authenticator":"Symfony\\Component\\Security\\Http\\Authenticator\\FormLoginAuthenticator"},"level":100,"level_name":"DEBUG","channel":"security","datetime":"2025-04-01T15:12:51.856151+00:00","extra":{}}
{"message":"Clearing remember-me cookie.","context":{"name":"REMEMBERME"},"level":100,"level_name":"DEBUG","channel":"security","datetime":"2025-04-01T15:12:51.856828+00:00","extra":{}}
{"message":"The \"Symfony\\Component\\Security\\Http\\Authenticator\\FormLoginAuthenticator\" authenticator set the response. Any later authenticator will not be called","context":{"authenticator":"Symfony\\Component\\Security\\Http\\Authenticator\\FormLoginAuthenticator"},"level":100,"level_name":"DEBUG","channel":"security","datetime":"2025-04-01T15:12:51.857910+00:00","extra":{}}
{"message":"Checking for authenticator support.","context":{"firewall_name":"main","authenticators":2},"level":100,"level_name":"DEBUG","channel":"security","datetime":"2025-04-01T15:12:52.286550+00:00","extra":{}}
{"message":"Checking support on authenticator.","context":{"firewall_name":"main","authenticator":"Symfony\\Component\\Security\\Http\\Authenticator\\FormLoginAuthenticator"},"level":100,"level_name":"DEBUG","channel":"security","datetime":"2025-04-01T15:12:52.286710+00:00","extra":{}}
{"message":"Authenticator does not support the request.","context":{"firewall_name":"main","authenticator":"Symfony\\Component\\Security\\Http\\Authenticator\\FormLoginAuthenticator"},"level":100,"level_name":"DEBUG","channel":"security","datetime":"2025-04-01T15:12:52.286795+00:00","extra":{}}
{"message":"Checking support on authenticator.","context":{"firewall_name":"main","authenticator":"Symfony\\Component\\Security\\Http\\Authenticator\\RememberMeAuthenticator"},"level":100,"level_name":"DEBUG","channel":"security","datetime":"2025-04-01T15:12:52.286870+00:00","extra":{}}
{"message":"Authenticator does not support the request.","context":{"firewall_name":"main","authenticator":"Symfony\\Component\\Security\\Http\\Authenticator\\RememberMeAuthenticator"},"level":100,"level_name":"DEBUG","channel":"security","datetime":"2025-04-01T15:12:52.286953+00:00","extra":{}}
{"message":"Checking for authenticator support.","context":{"firewall_name":"main","authenticators":2},"level":100,"level_name":"DEBUG","channel":"security","datetime":"2025-04-01T15:12:59.286058+00:00","extra":{}}
{"message":"Checking support on authenticator.","context":{"firewall_name":"main","authenticator":"Symfony\\Component\\Security\\Http\\Authenticator\\FormLoginAuthenticator"},"level":100,"level_name":"DEBUG","channel":"security","datetime":"2025-04-01T15:12:59.286356+00:00","extra":{}}
{"message":"Checking support on authenticator.","context":{"firewall_name":"main","authenticator":"Symfony\\Component\\Security\\Http\\Authenticator\\RememberMeAuthenticator"},"level":100,"level_name":"DEBUG","channel":"security","datetime":"2025-04-01T15:12:59.286556+00:00","extra":{}}
{"message":"Authenticator does not support the request.","context":{"firewall_name":"main","authenticator":"Symfony\\Component\\Security\\Http\\Authenticator\\RememberMeAuthenticator"},"level":100,"level_name":"DEBUG","channel":"security","datetime":"2025-04-01T15:12:59.286830+00:00","extra":{}}
{"message":"Authenticator failed.","context":{"exception":{"class":"Symfony\\Component\\Security\\Core\\Exception\\BadCredentialsException","message":"The presented password is invalid.","code":0,"file":"/project/sandbox/user-workspace/repair-manager/vendor/symfony/security-http/EventListener/CheckCredentialsListener.php:69"},"authenticator":"Symfony\\Component\\Security\\Http\\Authenticator\\FormLoginAuthenticator"},"level":200,"level_name":"INFO","channel":"security","datetime":"2025-04-01T15:12:59.827863+00:00","extra":{}}
{"message":"Authentication failure, redirect triggered.","context":{"failure_path":"app_login"},"level":100,"level_name":"DEBUG","channel":"security","datetime":"2025-04-01T15:12:59.828082+00:00","extra":{}}
{"message":"The \"Symfony\\Component\\Security\\Http\\Authenticator\\FormLoginAuthenticator\" authenticator set the failure response.","context":{"authenticator":"Symfony\\Component\\Security\\Http\\Authenticator\\FormLoginAuthenticator"},"level":100,"level_name":"DEBUG","channel":"security","datetime":"2025-04-01T15:12:59.832918+00:00","extra":{}}
{"message":"Clearing remember-me cookie.","context":{"name":"REMEMBERME"},"level":100,"level_name":"DEBUG","channel":"security","datetime":"2025-04-01T15:12:59.833853+00:00","extra":{}}
{"message":"The \"Symfony\\Component\\Security\\Http\\Authenticator\\FormLoginAuthenticator\" authenticator set the response. Any later authenticator will not be called","context":{"authenticator":"Symfony\\Component\\Security\\Http\\Authenticator\\FormLoginAuthenticator"},"level":100,"level_name":"DEBUG","channel":"security","datetime":"2025-04-01T15:12:59.835030+00:00","extra":{}}
{"message":"Checking for authenticator support.","context":{"firewall_name":"main","authenticators":2},"level":100,"level_name":"DEBUG","channel":"security","datetime":"2025-04-01T15:13:00.286711+00:00","extra":{}}
{"message":"Checking support on authenticator.","context":{"firewall_name":"main","authenticator":"Symfony\\Component\\Security\\Http\\Authenticator\\FormLoginAuthenticator"},"level":100,"level_name":"DEBUG","channel":"security","datetime":"2025-04-01T15:13:00.286845+00:00","extra":{}}
{"message":"Authenticator does not support the request.","context":{"firewall_name":"main","authenticator":"Symfony\\Component\\Security\\Http\\Authenticator\\FormLoginAuthenticator"},"level":100,"level_name":"DEBUG","channel":"security","datetime":"2025-04-01T15:13:00.286975+00:00","extra":{}}
{"message":"Checking support on authenticator.","context":{"firewall_name":"main","authenticator":"Symfony\\Component\\Security\\Http\\Authenticator\\RememberMeAuthenticator"},"level":100,"level_name":"DEBUG","channel":"security","datetime":"2025-04-01T15:13:00.287077+00:00","extra":{}}
{"message":"Authenticator does not support the request.","context":{"firewall_name":"main","authenticator":"Symfony\\Component\\Security\\Http\\Authenticator\\RememberMeAuthenticator"},"level":100,"level_name":"DEBUG","channel":"security","datetime":"2025-04-01T15:13:00.287165+00:00","extra":{}}
{"message":"Checking for authenticator support.","context":{"firewall_name":"main","authenticators":2},"level":100,"level_name":"DEBUG","channel":"security","datetime":"2025-04-01T15:14:08.703701+00:00","extra":{}}
{"message":"Checking support on authenticator.","context":{"firewall_name":"main","authenticator":"Symfony\\Component\\Security\\Http\\Authenticator\\FormLoginAuthenticator"},"level":100,"level_name":"DEBUG","channel":"security","datetime":"2025-04-01T15:14:08.704118+00:00","extra":{}}
{"message":"Checking support on authenticator.","context":{"firewall_name":"main","authenticator":"Symfony\\Component\\Security\\Http\\Authenticator\\RememberMeAuthenticator"},"level":100,"level_name":"DEBUG","channel":"security","datetime":"2025-04-01T15:14:08.704397+00:00","extra":{}}
{"message":"Authenticator does not support the request.","context":{"firewall_name":"main","authenticator":"Symfony\\Component\\Security\\Http\\Authenticator\\RememberMeAuthenticator"},"level":100,"level_name":"DEBUG","channel":"security","datetime":"2025-04-01T15:14:08.704804+00:00","extra":{}}
{"message":"Authenticator failed.","context":{"exception":{"class":"Symfony\\Component\\Security\\Core\\Exception\\BadCredentialsException","message":"The presented password is invalid.","code":0,"file":"/project/sandbox/user-workspace/repair-manager/vendor/symfony/security-http/EventListener/CheckCredentialsListener.php:69"},"authenticator":"Symfony\\Component\\Security\\Http\\Authenticator\\FormLoginAuthenticator"},"level":200,"level_name":"INFO","channel":"security","datetime":"2025-04-01T15:14:09.254774+00:00","extra":{}}
{"message":"Authentication failure, redirect triggered.","context":{"failure_path":"app_login"},"level":100,"level_name":"DEBUG","channel":"security","datetime":"2025-04-01T15:14:09.254900+00:00","extra":{}}
{"message":"The \"Symfony\\Component\\Security\\Http\\Authenticator\\FormLoginAuthenticator\" authenticator set the failure response.","context":{"authenticator":"Symfony\\Component\\Security\\Http\\Authenticator\\FormLoginAuthenticator"},"level":100,"level_name":"DEBUG","channel":"security","datetime":"2025-04-01T15:14:09.259669+00:00","extra":{}}
{"message":"Clearing remember-me cookie.","context":{"name":"REMEMBERME"},"level":100,"level_name":"DEBUG","channel":"security","datetime":"2025-04-01T15:14:09.260271+00:00","extra":{}}
{"message":"The \"Symfony\\Component\\Security\\Http\\Authenticator\\FormLoginAuthenticator\" authenticator set the response. Any later authenticator will not be called","context":{"authenticator":"Symfony\\Component\\Security\\Http\\Authenticator\\FormLoginAuthenticator"},"level":100,"level_name":"DEBUG","channel":"security","datetime":"2025-04-01T15:14:09.261167+00:00","extra":{}}
{"message":"Checking for authenticator support.","context":{"firewall_name":"main","authenticators":2},"level":100,"level_name":"DEBUG","channel":"security","datetime":"2025-04-01T15:14:09.457726+00:00","extra":{}}
{"message":"Checking support on authenticator.","context":{"firewall_name":"main","authenticator":"Symfony\\Component\\Security\\Http\\Authenticator\\FormLoginAuthenticator"},"level":100,"level_name":"DEBUG","channel":"security","datetime":"2025-04-01T15:14:09.457919+00:00","extra":{}}
{"message":"Authenticator does not support the request.","context":{"firewall_name":"main","authenticator":"Symfony\\Component\\Security\\Http\\Authenticator\\FormLoginAuthenticator"},"level":100,"level_name":"DEBUG","channel":"security","datetime":"2025-04-01T15:14:09.458005+00:00","extra":{}}
{"message":"Checking support on authenticator.","context":{"firewall_name":"main","authenticator":"Symfony\\Component\\Security\\Http\\Authenticator\\RememberMeAuthenticator"},"level":100,"level_name":"DEBUG","channel":"security","datetime":"2025-04-01T15:14:09.458079+00:00","extra":{}}
{"message":"Authenticator does not support the request.","context":{"firewall_name":"main","authenticator":"Symfony\\Component\\Security\\Http\\Authenticator\\RememberMeAuthenticator"},"level":100,"level_name":"DEBUG","channel":"security","datetime":"2025-04-01T15:14:09.458194+00:00","extra":{}}
{"message":"Checking for authenticator support.","context":{"firewall_name":"main","authenticators":2},"level":100,"level_name":"DEBUG","channel":"security","datetime":"2025-04-01T15:17:53.498605+00:00","extra":{}}
{"message":"Checking support on authenticator.","context":{"firewall_name":"main","authenticator":"Symfony\\Component\\Security\\Http\\Authenticator\\FormLoginAuthenticator"},"level":100,"level_name":"DEBUG","channel":"security","datetime":"2025-04-01T15:17:53.499691+00:00","extra":{}}
{"message":"Checking support on authenticator.","context":{"firewall_name":"main","authenticator":"Symfony\\Component\\Security\\Http\\Authenticator\\RememberMeAuthenticator"},"level":100,"level_name":"DEBUG","channel":"security","datetime":"2025-04-01T15:17:53.500024+00:00","extra":{}}
{"message":"Authenticator does not support the request.","context":{"firewall_name":"main","authenticator":"Symfony\\Component\\Security\\Http\\Authenticator\\RememberMeAuthenticator"},"level":100,"level_name":"DEBUG","channel":"security","datetime":"2025-04-01T15:17:53.500581+00:00","extra":{}}
{"message":"Authenticator failed.","context":{"exception":{"class":"Symfony\\Component\\Security\\Core\\Exception\\BadCredentialsException","message":"The presented password is invalid.","code":0,"file":"/project/sandbox/user-workspace/repair-manager/vendor/symfony/security-http/EventListener/CheckCredentialsListener.php:69"},"authenticator":"Symfony\\Component\\Security\\Http\\Authenticator\\FormLoginAuthenticator"},"level":200,"level_name":"INFO","channel":"security","datetime":"2025-04-01T15:17:54.078197+00:00","extra":{}}
{"message":"Authentication failure, redirect triggered.","context":{"failure_path":"app_login"},"level":100,"level_name":"DEBUG","channel":"security","datetime":"2025-04-01T15:17:54.078372+00:00","extra":{}}
{"message":"The \"Symfony\\Component\\Security\\Http\\Authenticator\\FormLoginAuthenticator\" authenticator set the failure response.","context":{"authenticator":"Symfony\\Component\\Security\\Http\\Authenticator\\FormLoginAuthenticator"},"level":100,"level_name":"DEBUG","channel":"security","datetime":"2025-04-01T15:17:54.096176+00:00","extra":{}}
{"message":"Clearing remember-me cookie.","context":{"name":"REMEMBERME"},"level":100,"level_name":"DEBUG","channel":"security","datetime":"2025-04-01T15:17:54.097370+00:00","extra":{}}
{"message":"The \"Symfony\\Component\\Security\\Http\\Authenticator\\FormLoginAuthenticator\" authenticator set the response. Any later authenticator will not be called","context":{"authenticator":"Symfony\\Component\\Security\\Http\\Authenticator\\FormLoginAuthenticator"},"level":100,"level_name":"DEBUG","channel":"security","datetime":"2025-04-01T15:17:54.099401+00:00","extra":{}}
{"message":"Checking for authenticator support.","context":{"firewall_name":"main","authenticators":2},"level":100,"level_name":"DEBUG","channel":"security","datetime":"2025-04-01T15:17:54.525996+00:00","extra":{}}
{"message":"Checking support on authenticator.","context":{"firewall_name":"main","authenticator":"Symfony\\Component\\Security\\Http\\Authenticator\\FormLoginAuthenticator"},"level":100,"level_name":"DEBUG","channel":"security","datetime":"2025-04-01T15:17:54.526504+00:00","extra":{}}
{"message":"Authenticator does not support the request.","context":{"firewall_name":"main","authenticator":"Symfony\\Component\\Security\\Http\\Authenticator\\FormLoginAuthenticator"},"level":100,"level_name":"DEBUG","channel":"security","datetime":"2025-04-01T15:17:54.526782+00:00","extra":{}}
{"message":"Checking support on authenticator.","context":{"firewall_name":"main","authenticator":"Symfony\\Component\\Security\\Http\\Authenticator\\RememberMeAuthenticator"},"level":100,"level_name":"DEBUG","channel":"security","datetime":"2025-04-01T15:17:54.527047+00:00","extra":{}}
{"message":"Authenticator does not support the request.","context":{"firewall_name":"main","authenticator":"Symfony\\Component\\Security\\Http\\Authenticator\\RememberMeAuthenticator"},"level":100,"level_name":"DEBUG","channel":"security","datetime":"2025-04-01T15:17:54.527324+00:00","extra":{}}
{"message":"Checking for authenticator support.","context":{"firewall_name":"main","authenticators":2},"level":100,"level_name":"DEBUG","channel":"security","datetime":"2025-04-01T15:18:09.771327+00:00","extra":{}}
{"message":"Checking support on authenticator.","context":{"firewall_name":"main","authenticator":"Symfony\\Component\\Security\\Http\\Authenticator\\FormLoginAuthenticator"},"level":100,"level_name":"DEBUG","channel":"security","datetime":"2025-04-01T15:18:09.771469+00:00","extra":{}}
{"message":"Authenticator does not support the request.","context":{"firewall_name":"main","authenticator":"Symfony\\Component\\Security\\Http\\Authenticator\\FormLoginAuthenticator"},"level":100,"level_name":"DEBUG","channel":"security","datetime":"2025-04-01T15:18:09.771552+00:00","extra":{}}
{"message":"Checking support on authenticator.","context":{"firewall_name":"main","authenticator":"Symfony\\Component\\Security\\Http\\Authenticator\\RememberMeAuthenticator"},"level":100,"level_name":"DEBUG","channel":"security","datetime":"2025-04-01T15:18:09.771622+00:00","extra":{}}
{"message":"Authenticator does not support the request.","context":{"firewall_name":"main","authenticator":"Symfony\\Component\\Security\\Http\\Authenticator\\RememberMeAuthenticator"},"level":100,"level_name":"DEBUG","channel":"security","datetime":"2025-04-01T15:18:09.771742+00:00","extra":{}}
{"message":"Checking for authenticator support.","context":{"firewall_name":"main","authenticators":2},"level":100,"level_name":"DEBUG","channel":"security","datetime":"2025-04-01T15:19:25.514935+00:00","extra":{}}
{"message":"Checking support on authenticator.","context":{"firewall_name":"main","authenticator":"Symfony\\Component\\Security\\Http\\Authenticator\\FormLoginAuthenticator"},"level":100,"level_name":"DEBUG","channel":"security","datetime":"2025-04-01T15:19:25.515164+00:00","extra":{}}
{"message":"Checking support on authenticator.","context":{"firewall_name":"main","authenticator":"Symfony\\Component\\Security\\Http\\Authenticator\\RememberMeAuthenticator"},"level":100,"level_name":"DEBUG","channel":"security","datetime":"2025-04-01T15:19:25.515269+00:00","extra":{}}
{"message":"Authenticator does not support the request.","context":{"firewall_name":"main","authenticator":"Symfony\\Component\\Security\\Http\\Authenticator\\RememberMeAuthenticator"},"level":100,"level_name":"DEBUG","channel":"security","datetime":"2025-04-01T15:19:25.515460+00:00","extra":{}}
{"message":"Authenticator failed.","context":{"exception":{"class":"Symfony\\Component\\Security\\Core\\Exception\\BadCredentialsException","message":"The presented password is invalid.","code":0,"file":"/project/sandbox/user-workspace/repair-manager/vendor/symfony/security-http/EventListener/CheckCredentialsListener.php:69"},"authenticator":"Symfony\\Component\\Security\\Http\\Authenticator\\FormLoginAuthenticator"},"level":200,"level_name":"INFO","channel":"security","datetime":"2025-04-01T15:19:26.047495+00:00","extra":{}}
{"message":"Authentication failure, redirect triggered.","context":{"failure_path":"app_login"},"level":100,"level_name":"DEBUG","channel":"security","datetime":"2025-04-01T15:19:26.047787+00:00","extra":{}}
{"message":"The \"Symfony\\Component\\Security\\Http\\Authenticator\\FormLoginAuthenticator\" authenticator set the failure response.","context":{"authenticator":"Symfony\\Component\\Security\\Http\\Authenticator\\FormLoginAuthenticator"},"level":100,"level_name":"DEBUG","channel":"security","datetime":"2025-04-01T15:19:26.052722+00:00","extra":{}}
{"message":"Clearing remember-me cookie.","context":{"name":"REMEMBERME"},"level":100,"level_name":"DEBUG","channel":"security","datetime":"2025-04-01T15:19:26.053611+00:00","extra":{}}
{"message":"The \"Symfony\\Component\\Security\\Http\\Authenticator\\FormLoginAuthenticator\" authenticator set the response. Any later authenticator will not be called","context":{"authenticator":"Symfony\\Component\\Security\\Http\\Authenticator\\FormLoginAuthenticator"},"level":100,"level_name":"DEBUG","channel":"security","datetime":"2025-04-01T15:19:26.054866+00:00","extra":{}}
{"message":"Checking for authenticator support.","context":{"firewall_name":"main","authenticators":2},"level":100,"level_name":"DEBUG","channel":"security","datetime":"2025-04-01T15:19:26.232096+00:00","extra":{}}
{"message":"Checking support on authenticator.","context":{"firewall_name":"main","authenticator":"Symfony\\Component\\Security\\Http\\Authenticator\\FormLoginAuthenticator"},"level":100,"level_name":"DEBUG","channel":"security","datetime":"2025-04-01T15:19:26.232362+00:00","extra":{}}
{"message":"Authenticator does not support the request.","context":{"firewall_name":"main","authenticator":"Symfony\\Component\\Security\\Http\\Authenticator\\FormLoginAuthenticator"},"level":100,"level_name":"DEBUG","channel":"security","datetime":"2025-04-01T15:19:26.232541+00:00","extra":{}}
{"message":"Checking support on authenticator.","context":{"firewall_name":"main","authenticator":"Symfony\\Component\\Security\\Http\\Authenticator\\RememberMeAuthenticator"},"level":100,"level_name":"DEBUG","channel":"security","datetime":"2025-04-01T15:19:26.232705+00:00","extra":{}}
{"message":"Authenticator does not support the request.","context":{"firewall_name":"main","authenticator":"Symfony\\Component\\Security\\Http\\Authenticator\\RememberMeAuthenticator"},"level":100,"level_name":"DEBUG","channel":"security","datetime":"2025-04-01T15:19:26.232893+00:00","extra":{}}
{"message":"Checking for authenticator support.","context":{"firewall_name":"main","authenticators":2},"level":100,"level_name":"DEBUG","channel":"security","datetime":"2025-04-01T15:24:06.514396+00:00","extra":{}}
{"message":"Checking support on authenticator.","context":{"firewall_name":"main","authenticator":"Symfony\\Component\\Security\\Http\\Authenticator\\FormLoginAuthenticator"},"level":100,"level_name":"DEBUG","channel":"security","datetime":"2025-04-01T15:24:06.515559+00:00","extra":{}}
{"message":"Authenticator does not support the request.","context":{"firewall_name":"main","authenticator":"Symfony\\Component\\Security\\Http\\Authenticator\\FormLoginAuthenticator"},"level":100,"level_name":"DEBUG","channel":"security","datetime":"2025-04-01T15:24:06.516576+00:00","extra":{}}
{"message":"Checking support on authenticator.","context":{"firewall_name":"main","authenticator":"Symfony\\Component\\Security\\Http\\Authenticator\\RememberMeAuthenticator"},"level":100,"level_name":"DEBUG","channel":"security","datetime":"2025-04-01T15:24:06.516957+00:00","extra":{}}
{"message":"Authenticator does not support the request.","context":{"firewall_name":"main","authenticator":"Symfony\\Component\\Security\\Http\\Authenticator\\RememberMeAuthenticator"},"level":100,"level_name":"DEBUG","channel":"security","datetime":"2025-04-01T15:24:06.517255+00:00","extra":{}}
{"message":"Checking for authenticator support.","context":{"firewall_name":"main","authenticators":2},"level":100,"level_name":"DEBUG","channel":"security","datetime":"2025-04-01T15:24:16.467227+00:00","extra":{}}
{"message":"Checking support on authenticator.","context":{"firewall_name":"main","authenticator":"Symfony\\Component\\Security\\Http\\Authenticator\\FormLoginAuthenticator"},"level":100,"level_name":"DEBUG","channel":"security","datetime":"2025-04-01T15:24:16.467410+00:00","extra":{}}
{"message":"Checking support on authenticator.","context":{"firewall_name":"main","authenticator":"Symfony\\Component\\Security\\Http\\Authenticator\\RememberMeAuthenticator"},"level":100,"level_name":"DEBUG","channel":"security","datetime":"2025-04-01T15:24:16.467507+00:00","extra":{}}
{"message":"Authenticator does not support the request.","context":{"firewall_name":"main","authenticator":"Symfony\\Component\\Security\\Http\\Authenticator\\RememberMeAuthenticator"},"level":100,"level_name":"DEBUG","channel":"security","datetime":"2025-04-01T15:24:16.467698+00:00","extra":{}}
{"message":"Authenticator successful!","context":{"token":"UsernamePasswordToken(user=\"admin@repair-manager.local\", roles=\"ROLE_ADMIN, ROLE_USER\")","authenticator":"Symfony\\Component\\Security\\Http\\Authenticator\\FormLoginAuthenticator"},"level":200,"level_name":"INFO","channel":"security","datetime":"2025-04-01T15:24:17.071711+00:00","extra":{}}
{"message":"User login successful","context":{"ip":"::1","user_agent":"Mozilla/5.0 (Windows NT 10.0; Win64; x64) AppleWebKit/537.36 (KHTML, like Gecko) Chrome/134.0.0.0 Safari/537.36","user":"admin@repair-manager.local","ip_address":"::1","request_uri":"/login","timestamp":"2025-04-01 15:24:17"},"level":200,"level_name":"INFO","channel":"security","datetime":"2025-04-01T15:24:17.076107+00:00","extra":{}}
{"message":"Clearing remember-me cookie.","context":{"name":"REMEMBERME"},"level":100,"level_name":"DEBUG","channel":"security","datetime":"2025-04-01T15:24:17.078102+00:00","extra":{}}
{"message":"Remember me skipped: the RememberMeBadge is not enabled.","context":{},"level":100,"level_name":"DEBUG","channel":"security","datetime":"2025-04-01T15:24:17.078922+00:00","extra":{}}
{"message":"The \"Symfony\\Component\\Security\\Http\\Authenticator\\FormLoginAuthenticator\" authenticator set the response. Any later authenticator will not be called","context":{"authenticator":"Symfony\\Component\\Security\\Http\\Authenticator\\FormLoginAuthenticator"},"level":100,"level_name":"DEBUG","channel":"security","datetime":"2025-04-01T15:24:17.079448+00:00","extra":{}}
{"message":"Stored the security token in the session.","context":{"key":"_security_main"},"level":100,"level_name":"DEBUG","channel":"security","datetime":"2025-04-01T15:24:17.087045+00:00","extra":{}}
{"message":"Checking for authenticator support.","context":{"firewall_name":"main","authenticators":2},"level":100,"level_name":"DEBUG","channel":"security","datetime":"2025-04-01T15:24:17.520350+00:00","extra":{}}
{"message":"Checking support on authenticator.","context":{"firewall_name":"main","authenticator":"Symfony\\Component\\Security\\Http\\Authenticator\\FormLoginAuthenticator"},"level":100,"level_name":"DEBUG","channel":"security","datetime":"2025-04-01T15:24:17.520564+00:00","extra":{}}
{"message":"Authenticator does not support the request.","context":{"firewall_name":"main","authenticator":"Symfony\\Component\\Security\\Http\\Authenticator\\FormLoginAuthenticator"},"level":100,"level_name":"DEBUG","channel":"security","datetime":"2025-04-01T15:24:17.520683+00:00","extra":{}}
{"message":"Checking support on authenticator.","context":{"firewall_name":"main","authenticator":"Symfony\\Component\\Security\\Http\\Authenticator\\RememberMeAuthenticator"},"level":100,"level_name":"DEBUG","channel":"security","datetime":"2025-04-01T15:24:17.520827+00:00","extra":{}}
{"message":"Authenticator does not support the request.","context":{"firewall_name":"main","authenticator":"Symfony\\Component\\Security\\Http\\Authenticator\\RememberMeAuthenticator"},"level":100,"level_name":"DEBUG","channel":"security","datetime":"2025-04-01T15:24:17.520947+00:00","extra":{}}
{"message":"Read existing security token from the session.","context":{"key":"_security_main","token_class":"Symfony\\Component\\Security\\Core\\Authentication\\Token\\UsernamePasswordToken"},"level":100,"level_name":"DEBUG","channel":"security","datetime":"2025-04-01T15:24:17.530686+00:00","extra":{}}
{"message":"User was reloaded from a user provider.","context":{"provider":"Symfony\\Bridge\\Doctrine\\Security\\User\\EntityUserProvider","username":"admin@repair-manager.local"},"level":100,"level_name":"DEBUG","channel":"security","datetime":"2025-04-01T15:24:17.594304+00:00","extra":{}}
{"message":"Stored the security token in the session.","context":{"key":"_security_main"},"level":100,"level_name":"DEBUG","channel":"security","datetime":"2025-04-01T15:24:17.609586+00:00","extra":{}}
{"message":"Checking for authenticator support.","context":{"firewall_name":"main","authenticators":2},"level":100,"level_name":"DEBUG","channel":"security","datetime":"2025-04-01T15:24:18.091934+00:00","extra":{}}
{"message":"Checking support on authenticator.","context":{"firewall_name":"main","authenticator":"Symfony\\Component\\Security\\Http\\Authenticator\\FormLoginAuthenticator"},"level":100,"level_name":"DEBUG","channel":"security","datetime":"2025-04-01T15:24:18.092166+00:00","extra":{}}
{"message":"Authenticator does not support the request.","context":{"firewall_name":"main","authenticator":"Symfony\\Component\\Security\\Http\\Authenticator\\FormLoginAuthenticator"},"level":100,"level_name":"DEBUG","channel":"security","datetime":"2025-04-01T15:24:18.092256+00:00","extra":{}}
{"message":"Checking support on authenticator.","context":{"firewall_name":"main","authenticator":"Symfony\\Component\\Security\\Http\\Authenticator\\RememberMeAuthenticator"},"level":100,"level_name":"DEBUG","channel":"security","datetime":"2025-04-01T15:24:18.092334+00:00","extra":{}}
{"message":"Authenticator does not support the request.","context":{"firewall_name":"main","authenticator":"Symfony\\Component\\Security\\Http\\Authenticator\\RememberMeAuthenticator"},"level":100,"level_name":"DEBUG","channel":"security","datetime":"2025-04-01T15:24:18.092422+00:00","extra":{}}
{"message":"Read existing security token from the session.","context":{"key":"_security_main","token_class":"Symfony\\Component\\Security\\Core\\Authentication\\Token\\UsernamePasswordToken"},"level":100,"level_name":"DEBUG","channel":"security","datetime":"2025-04-01T15:24:18.102419+00:00","extra":{}}
{"message":"User was reloaded from a user provider.","context":{"provider":"Symfony\\Bridge\\Doctrine\\Security\\User\\EntityUserProvider","username":"admin@repair-manager.local"},"level":100,"level_name":"DEBUG","channel":"security","datetime":"2025-04-01T15:24:18.167909+00:00","extra":{}}
{"message":"Stored the security token in the session.","context":{"key":"_security_main"},"level":100,"level_name":"DEBUG","channel":"security","datetime":"2025-04-01T15:24:18.186971+00:00","extra":{}}
{"message":"Checking for authenticator support.","context":{"firewall_name":"main","authenticators":2},"level":100,"level_name":"DEBUG","channel":"security","datetime":"2025-04-01T15:24:18.622164+00:00","extra":{}}
{"message":"Checking support on authenticator.","context":{"firewall_name":"main","authenticator":"Symfony\\Component\\Security\\Http\\Authenticator\\FormLoginAuthenticator"},"level":100,"level_name":"DEBUG","channel":"security","datetime":"2025-04-01T15:24:18.622295+00:00","extra":{}}
{"message":"Authenticator does not support the request.","context":{"firewall_name":"main","authenticator":"Symfony\\Component\\Security\\Http\\Authenticator\\FormLoginAuthenticator"},"level":100,"level_name":"DEBUG","channel":"security","datetime":"2025-04-01T15:24:18.622394+00:00","extra":{}}
{"message":"Checking support on authenticator.","context":{"firewall_name":"main","authenticator":"Symfony\\Component\\Security\\Http\\Authenticator\\RememberMeAuthenticator"},"level":100,"level_name":"DEBUG","channel":"security","datetime":"2025-04-01T15:24:18.622481+00:00","extra":{}}
{"message":"Authenticator does not support the request.","context":{"firewall_name":"main","authenticator":"Symfony\\Component\\Security\\Http\\Authenticator\\RememberMeAuthenticator"},"level":100,"level_name":"DEBUG","channel":"security","datetime":"2025-04-01T15:24:18.622586+00:00","extra":{}}
{"message":"Read existing security token from the session.","context":{"key":"_security_main","token_class":"Symfony\\Component\\Security\\Core\\Authentication\\Token\\UsernamePasswordToken"},"level":100,"level_name":"DEBUG","channel":"security","datetime":"2025-04-01T15:24:18.633002+00:00","extra":{}}
{"message":"User was reloaded from a user provider.","context":{"provider":"Symfony\\Bridge\\Doctrine\\Security\\User\\EntityUserProvider","username":"admin@repair-manager.local"},"level":100,"level_name":"DEBUG","channel":"security","datetime":"2025-04-01T15:24:18.699545+00:00","extra":{}}
{"message":"Stored the security token in the session.","context":{"key":"_security_main"},"level":100,"level_name":"DEBUG","channel":"security","datetime":"2025-04-01T15:24:18.835746+00:00","extra":{}}
{"message":"Checking for authenticator support.","context":{"firewall_name":"main","authenticators":2},"level":100,"level_name":"DEBUG","channel":"security","datetime":"2025-04-01T15:25:30.607738+00:00","extra":{}}
{"message":"Checking support on authenticator.","context":{"firewall_name":"main","authenticator":"Symfony\\Component\\Security\\Http\\Authenticator\\FormLoginAuthenticator"},"level":100,"level_name":"DEBUG","channel":"security","datetime":"2025-04-01T15:25:30.607943+00:00","extra":{}}
{"message":"Checking support on authenticator.","context":{"firewall_name":"main","authenticator":"Symfony\\Component\\Security\\Http\\Authenticator\\RememberMeAuthenticator"},"level":100,"level_name":"DEBUG","channel":"security","datetime":"2025-04-01T15:25:30.608087+00:00","extra":{}}
{"message":"Authenticator does not support the request.","context":{"firewall_name":"main","authenticator":"Symfony\\Component\\Security\\Http\\Authenticator\\RememberMeAuthenticator"},"level":100,"level_name":"DEBUG","channel":"security","datetime":"2025-04-01T15:25:30.608311+00:00","extra":{}}
{"message":"Authenticator successful!","context":{"token":"UsernamePasswordToken(user=\"admin@repair-manager.local\", roles=\"ROLE_ADMIN, ROLE_USER\")","authenticator":"Symfony\\Component\\Security\\Http\\Authenticator\\FormLoginAuthenticator"},"level":200,"level_name":"INFO","channel":"security","datetime":"2025-04-01T15:25:31.140678+00:00","extra":{}}
{"message":"User login successful","context":{"ip":"::1","user_agent":"Mozilla/5.0 (Macintosh; Intel Mac OS X 10_15_7) AppleWebKit/537.36 (KHTML, like Gecko) Chrome/128.0.0.0 Safari/537.36","user":"admin@repair-manager.local","ip_address":"::1","request_uri":"/login","timestamp":"2025-04-01 15:25:31"},"level":200,"level_name":"INFO","channel":"security","datetime":"2025-04-01T15:25:31.145618+00:00","extra":{}}
{"message":"Clearing remember-me cookie.","context":{"name":"REMEMBERME"},"level":100,"level_name":"DEBUG","channel":"security","datetime":"2025-04-01T15:25:31.147237+00:00","extra":{}}
{"message":"Remember me skipped: the RememberMeBadge is not enabled.","context":{},"level":100,"level_name":"DEBUG","channel":"security","datetime":"2025-04-01T15:25:31.148070+00:00","extra":{}}
{"message":"The \"Symfony\\Component\\Security\\Http\\Authenticator\\FormLoginAuthenticator\" authenticator set the response. Any later authenticator will not be called","context":{"authenticator":"Symfony\\Component\\Security\\Http\\Authenticator\\FormLoginAuthenticator"},"level":100,"level_name":"DEBUG","channel":"security","datetime":"2025-04-01T15:25:31.148536+00:00","extra":{}}
{"message":"Stored the security token in the session.","context":{"key":"_security_main"},"level":100,"level_name":"DEBUG","channel":"security","datetime":"2025-04-01T15:25:31.155424+00:00","extra":{}}
{"message":"Checking for authenticator support.","context":{"firewall_name":"main","authenticators":2},"level":100,"level_name":"DEBUG","channel":"security","datetime":"2025-04-01T15:25:31.337607+00:00","extra":{}}
{"message":"Checking support on authenticator.","context":{"firewall_name":"main","authenticator":"Symfony\\Component\\Security\\Http\\Authenticator\\FormLoginAuthenticator"},"level":100,"level_name":"DEBUG","channel":"security","datetime":"2025-04-01T15:25:31.337975+00:00","extra":{}}
{"message":"Authenticator does not support the request.","context":{"firewall_name":"main","authenticator":"Symfony\\Component\\Security\\Http\\Authenticator\\FormLoginAuthenticator"},"level":100,"level_name":"DEBUG","channel":"security","datetime":"2025-04-01T15:25:31.338249+00:00","extra":{}}
{"message":"Checking support on authenticator.","context":{"firewall_name":"main","authenticator":"Symfony\\Component\\Security\\Http\\Authenticator\\RememberMeAuthenticator"},"level":100,"level_name":"DEBUG","channel":"security","datetime":"2025-04-01T15:25:31.338516+00:00","extra":{}}
{"message":"Authenticator does not support the request.","context":{"firewall_name":"main","authenticator":"Symfony\\Component\\Security\\Http\\Authenticator\\RememberMeAuthenticator"},"level":100,"level_name":"DEBUG","channel":"security","datetime":"2025-04-01T15:25:31.338787+00:00","extra":{}}
{"message":"Read existing security token from the session.","context":{"key":"_security_main","token_class":"Symfony\\Component\\Security\\Core\\Authentication\\Token\\UsernamePasswordToken"},"level":100,"level_name":"DEBUG","channel":"security","datetime":"2025-04-01T15:25:31.349516+00:00","extra":{}}
{"message":"User was reloaded from a user provider.","context":{"provider":"Symfony\\Bridge\\Doctrine\\Security\\User\\EntityUserProvider","username":"admin@repair-manager.local"},"level":100,"level_name":"DEBUG","channel":"security","datetime":"2025-04-01T15:25:31.420872+00:00","extra":{}}
{"message":"Stored the security token in the session.","context":{"key":"_security_main"},"level":100,"level_name":"DEBUG","channel":"security","datetime":"2025-04-01T15:25:31.437262+00:00","extra":{}}
{"message":"Checking for authenticator support.","context":{"firewall_name":"main","authenticators":2},"level":100,"level_name":"DEBUG","channel":"security","datetime":"2025-04-01T15:25:31.605711+00:00","extra":{}}
{"message":"Checking support on authenticator.","context":{"firewall_name":"main","authenticator":"Symfony\\Component\\Security\\Http\\Authenticator\\FormLoginAuthenticator"},"level":100,"level_name":"DEBUG","channel":"security","datetime":"2025-04-01T15:25:31.605843+00:00","extra":{}}
{"message":"Authenticator does not support the request.","context":{"firewall_name":"main","authenticator":"Symfony\\Component\\Security\\Http\\Authenticator\\FormLoginAuthenticator"},"level":100,"level_name":"DEBUG","channel":"security","datetime":"2025-04-01T15:25:31.605923+00:00","extra":{}}
{"message":"Checking support on authenticator.","context":{"firewall_name":"main","authenticator":"Symfony\\Component\\Security\\Http\\Authenticator\\RememberMeAuthenticator"},"level":100,"level_name":"DEBUG","channel":"security","datetime":"2025-04-01T15:25:31.605997+00:00","extra":{}}
{"message":"Authenticator does not support the request.","context":{"firewall_name":"main","authenticator":"Symfony\\Component\\Security\\Http\\Authenticator\\RememberMeAuthenticator"},"level":100,"level_name":"DEBUG","channel":"security","datetime":"2025-04-01T15:25:31.606076+00:00","extra":{}}
{"message":"Read existing security token from the session.","context":{"key":"_security_main","token_class":"Symfony\\Component\\Security\\Core\\Authentication\\Token\\UsernamePasswordToken"},"level":100,"level_name":"DEBUG","channel":"security","datetime":"2025-04-01T15:25:31.615467+00:00","extra":{}}
{"message":"User was reloaded from a user provider.","context":{"provider":"Symfony\\Bridge\\Doctrine\\Security\\User\\EntityUserProvider","username":"admin@repair-manager.local"},"level":100,"level_name":"DEBUG","channel":"security","datetime":"2025-04-01T15:25:31.712731+00:00","extra":{}}
{"message":"Stored the security token in the session.","context":{"key":"_security_main"},"level":100,"level_name":"DEBUG","channel":"security","datetime":"2025-04-01T15:25:31.780389+00:00","extra":{}}
{"message":"Checking for authenticator support.","context":{"firewall_name":"main","authenticators":2},"level":100,"level_name":"DEBUG","channel":"security","datetime":"2025-04-01T15:26:44.801595+00:00","extra":{}}
{"message":"Checking support on authenticator.","context":{"firewall_name":"main","authenticator":"Symfony\\Component\\Security\\Http\\Authenticator\\FormLoginAuthenticator"},"level":100,"level_name":"DEBUG","channel":"security","datetime":"2025-04-01T15:26:44.801874+00:00","extra":{}}
{"message":"Authenticator does not support the request.","context":{"firewall_name":"main","authenticator":"Symfony\\Component\\Security\\Http\\Authenticator\\FormLoginAuthenticator"},"level":100,"level_name":"DEBUG","channel":"security","datetime":"2025-04-01T15:26:44.802087+00:00","extra":{}}
{"message":"Checking support on authenticator.","context":{"firewall_name":"main","authenticator":"Symfony\\Component\\Security\\Http\\Authenticator\\RememberMeAuthenticator"},"level":100,"level_name":"DEBUG","channel":"security","datetime":"2025-04-01T15:26:44.802292+00:00","extra":{}}
{"message":"Authenticator does not support the request.","context":{"firewall_name":"main","authenticator":"Symfony\\Component\\Security\\Http\\Authenticator\\RememberMeAuthenticator"},"level":100,"level_name":"DEBUG","channel":"security","datetime":"2025-04-01T15:26:44.802526+00:00","extra":{}}
{"message":"Checking for authenticator support.","context":{"firewall_name":"main","authenticators":2},"level":100,"level_name":"DEBUG","channel":"security","datetime":"2025-04-01T15:28:16.097649+00:00","extra":{}}
{"message":"Checking support on authenticator.","context":{"firewall_name":"main","authenticator":"Symfony\\Component\\Security\\Http\\Authenticator\\FormLoginAuthenticator"},"level":100,"level_name":"DEBUG","channel":"security","datetime":"2025-04-01T15:28:16.098081+00:00","extra":{}}
{"message":"Checking support on authenticator.","context":{"firewall_name":"main","authenticator":"Symfony\\Component\\Security\\Http\\Authenticator\\RememberMeAuthenticator"},"level":100,"level_name":"DEBUG","channel":"security","datetime":"2025-04-01T15:28:16.098323+00:00","extra":{}}
{"message":"Authenticator does not support the request.","context":{"firewall_name":"main","authenticator":"Symfony\\Component\\Security\\Http\\Authenticator\\RememberMeAuthenticator"},"level":100,"level_name":"DEBUG","channel":"security","datetime":"2025-04-01T15:28:16.098735+00:00","extra":{}}
{"message":"Authenticator successful!","context":{"token":"UsernamePasswordToken(user=\"admin@repair-manager.local\", roles=\"ROLE_ADMIN, ROLE_USER\")","authenticator":"Symfony\\Component\\Security\\Http\\Authenticator\\FormLoginAuthenticator"},"level":200,"level_name":"INFO","channel":"security","datetime":"2025-04-01T15:28:16.685226+00:00","extra":{}}
{"message":"User login successful","context":{"ip":"::1","user_agent":"Mozilla/5.0 (Macintosh; Intel Mac OS X 10_15_7) AppleWebKit/537.36 (KHTML, like Gecko) Chrome/128.0.0.0 Safari/537.36","user":"admin@repair-manager.local","ip_address":"::1","request_uri":"/login","timestamp":"2025-04-01 15:28:16"},"level":200,"level_name":"INFO","channel":"security","datetime":"2025-04-01T15:28:16.691189+00:00","extra":{}}
{"message":"Clearing remember-me cookie.","context":{"name":"REMEMBERME"},"level":100,"level_name":"DEBUG","channel":"security","datetime":"2025-04-01T15:28:16.692949+00:00","extra":{}}
{"message":"Remember me skipped: the RememberMeBadge is not enabled.","context":{},"level":100,"level_name":"DEBUG","channel":"security","datetime":"2025-04-01T15:28:16.693742+00:00","extra":{}}
{"message":"The \"Symfony\\Component\\Security\\Http\\Authenticator\\FormLoginAuthenticator\" authenticator set the response. Any later authenticator will not be called","context":{"authenticator":"Symfony\\Component\\Security\\Http\\Authenticator\\FormLoginAuthenticator"},"level":100,"level_name":"DEBUG","channel":"security","datetime":"2025-04-01T15:28:16.694217+00:00","extra":{}}
{"message":"Stored the security token in the session.","context":{"key":"_security_main"},"level":100,"level_name":"DEBUG","channel":"security","datetime":"2025-04-01T15:28:16.701320+00:00","extra":{}}
{"message":"Read existing security token from the session.","context":{"key":"_security_main","token_class":"Symfony\\Component\\Security\\Core\\Authentication\\Token\\UsernamePasswordToken"},"level":100,"level_name":"DEBUG","channel":"security","datetime":"2025-04-01T15:28:16.879381+00:00","extra":{}}
{"message":"User was reloaded from a user provider.","context":{"provider":"Symfony\\Bridge\\Doctrine\\Security\\User\\EntityUserProvider","username":"admin@repair-manager.local"},"level":100,"level_name":"DEBUG","channel":"security","datetime":"2025-04-01T15:28:16.947926+00:00","extra":{}}
{"message":"Checking for authenticator support.","context":{"firewall_name":"main","authenticators":2},"level":100,"level_name":"DEBUG","channel":"security","datetime":"2025-04-01T15:28:16.948319+00:00","extra":{}}
{"message":"Checking support on authenticator.","context":{"firewall_name":"main","authenticator":"Symfony\\Component\\Security\\Http\\Authenticator\\FormLoginAuthenticator"},"level":100,"level_name":"DEBUG","channel":"security","datetime":"2025-04-01T15:28:16.948560+00:00","extra":{}}
{"message":"Checking support on authenticator.","context":{"firewall_name":"main","authenticator":"Symfony\\Component\\Security\\Http\\Authenticator\\RememberMeAuthenticator"},"level":100,"level_name":"DEBUG","channel":"security","datetime":"2025-04-01T15:28:16.948823+00:00","extra":{}}
{"message":"Authenticator does not support the request.","context":{"firewall_name":"main","authenticator":"Symfony\\Component\\Security\\Http\\Authenticator\\RememberMeAuthenticator"},"level":100,"level_name":"DEBUG","channel":"security","datetime":"2025-04-01T15:28:16.949197+00:00","extra":{}}
{"message":"Authenticator failed.","context":{"exception":{"class":"Symfony\\Component\\Security\\Core\\Exception\\InvalidCsrfTokenException","message":"Invalid CSRF token.","code":0,"file":"/project/sandbox/user-workspace/repair-manager/vendor/symfony/security-http/EventListener/CsrfProtectionListener.php:51"},"authenticator":"Symfony\\Component\\Security\\Http\\Authenticator\\FormLoginAuthenticator"},"level":200,"level_name":"INFO","channel":"security","datetime":"2025-04-01T15:28:16.954544+00:00","extra":{}}
{"message":"Authentication failure, redirect triggered.","context":{"failure_path":"app_login"},"level":100,"level_name":"DEBUG","channel":"security","datetime":"2025-04-01T15:28:16.954815+00:00","extra":{}}
{"message":"The \"Symfony\\Component\\Security\\Http\\Authenticator\\FormLoginAuthenticator\" authenticator set the failure response.","context":{"authenticator":"Symfony\\Component\\Security\\Http\\Authenticator\\FormLoginAuthenticator"},"level":100,"level_name":"DEBUG","channel":"security","datetime":"2025-04-01T15:28:16.959427+00:00","extra":{}}
{"message":"Clearing remember-me cookie.","context":{"name":"REMEMBERME"},"level":100,"level_name":"DEBUG","channel":"security","datetime":"2025-04-01T15:28:16.960194+00:00","extra":{}}
{"message":"The \"Symfony\\Component\\Security\\Http\\Authenticator\\FormLoginAuthenticator\" authenticator set the response. Any later authenticator will not be called","context":{"authenticator":"Symfony\\Component\\Security\\Http\\Authenticator\\FormLoginAuthenticator"},"level":100,"level_name":"DEBUG","channel":"security","datetime":"2025-04-01T15:28:16.961288+00:00","extra":{}}
{"message":"Stored the security token in the session.","context":{"key":"_security_main"},"level":100,"level_name":"DEBUG","channel":"security","datetime":"2025-04-01T15:28:16.968259+00:00","extra":{}}
{"message":"Checking for authenticator support.","context":{"firewall_name":"main","authenticators":2},"level":100,"level_name":"DEBUG","channel":"security","datetime":"2025-04-01T15:28:17.207121+00:00","extra":{}}
{"message":"Checking support on authenticator.","context":{"firewall_name":"main","authenticator":"Symfony\\Component\\Security\\Http\\Authenticator\\FormLoginAuthenticator"},"level":100,"level_name":"DEBUG","channel":"security","datetime":"2025-04-01T15:28:17.208670+00:00","extra":{}}
{"message":"Authenticator does not support the request.","context":{"firewall_name":"main","authenticator":"Symfony\\Component\\Security\\Http\\Authenticator\\FormLoginAuthenticator"},"level":100,"level_name":"DEBUG","channel":"security","datetime":"2025-04-01T15:28:17.209050+00:00","extra":{}}
{"message":"Checking support on authenticator.","context":{"firewall_name":"main","authenticator":"Symfony\\Component\\Security\\Http\\Authenticator\\RememberMeAuthenticator"},"level":100,"level_name":"DEBUG","channel":"security","datetime":"2025-04-01T15:28:17.209314+00:00","extra":{}}
{"message":"Authenticator does not support the request.","context":{"firewall_name":"main","authenticator":"Symfony\\Component\\Security\\Http\\Authenticator\\RememberMeAuthenticator"},"level":100,"level_name":"DEBUG","channel":"security","datetime":"2025-04-01T15:28:17.209587+00:00","extra":{}}
{"message":"Read existing security token from the session.","context":{"key":"_security_main","token_class":"Symfony\\Component\\Security\\Core\\Authentication\\Token\\UsernamePasswordToken"},"level":100,"level_name":"DEBUG","channel":"security","datetime":"2025-04-01T15:28:17.219571+00:00","extra":{}}
{"message":"User was reloaded from a user provider.","context":{"provider":"Symfony\\Bridge\\Doctrine\\Security\\User\\EntityUserProvider","username":"admin@repair-manager.local"},"level":100,"level_name":"DEBUG","channel":"security","datetime":"2025-04-01T15:28:17.289464+00:00","extra":{}}
{"message":"Stored the security token in the session.","context":{"key":"_security_main"},"level":100,"level_name":"DEBUG","channel":"security","datetime":"2025-04-01T15:28:17.304715+00:00","extra":{}}
{"message":"Checking for authenticator support.","context":{"firewall_name":"main","authenticators":2},"level":100,"level_name":"DEBUG","channel":"security","datetime":"2025-04-01T15:28:17.479648+00:00","extra":{}}
{"message":"Checking support on authenticator.","context":{"firewall_name":"main","authenticator":"Symfony\\Component\\Security\\Http\\Authenticator\\FormLoginAuthenticator"},"level":100,"level_name":"DEBUG","channel":"security","datetime":"2025-04-01T15:28:17.480019+00:00","extra":{}}
{"message":"Authenticator does not support the request.","context":{"firewall_name":"main","authenticator":"Symfony\\Component\\Security\\Http\\Authenticator\\FormLoginAuthenticator"},"level":100,"level_name":"DEBUG","channel":"security","datetime":"2025-04-01T15:28:17.480260+00:00","extra":{}}
{"message":"Checking support on authenticator.","context":{"firewall_name":"main","authenticator":"Symfony\\Component\\Security\\Http\\Authenticator\\RememberMeAuthenticator"},"level":100,"level_name":"DEBUG","channel":"security","datetime":"2025-04-01T15:28:17.480494+00:00","extra":{}}
{"message":"Authenticator does not support the request.","context":{"firewall_name":"main","authenticator":"Symfony\\Component\\Security\\Http\\Authenticator\\RememberMeAuthenticator"},"level":100,"level_name":"DEBUG","channel":"security","datetime":"2025-04-01T15:28:17.480692+00:00","extra":{}}
{"message":"Read existing security token from the session.","context":{"key":"_security_main","token_class":"Symfony\\Component\\Security\\Core\\Authentication\\Token\\UsernamePasswordToken"},"level":100,"level_name":"DEBUG","channel":"security","datetime":"2025-04-01T15:28:17.528485+00:00","extra":{}}
{"message":"User was reloaded from a user provider.","context":{"provider":"Symfony\\Bridge\\Doctrine\\Security\\User\\EntityUserProvider","username":"admin@repair-manager.local"},"level":100,"level_name":"DEBUG","channel":"security","datetime":"2025-04-01T15:28:17.572677+00:00","extra":{}}
{"message":"Stored the security token in the session.","context":{"key":"_security_main"},"level":100,"level_name":"DEBUG","channel":"security","datetime":"2025-04-01T15:28:17.591128+00:00","extra":{}}
{"message":"Checking for authenticator support.","context":{"firewall_name":"main","authenticators":2},"level":100,"level_name":"DEBUG","channel":"security","datetime":"2025-04-01T15:28:17.765605+00:00","extra":{}}
{"message":"Checking support on authenticator.","context":{"firewall_name":"main","authenticator":"Symfony\\Component\\Security\\Http\\Authenticator\\FormLoginAuthenticator"},"level":100,"level_name":"DEBUG","channel":"security","datetime":"2025-04-01T15:28:17.765765+00:00","extra":{}}
{"message":"Authenticator does not support the request.","context":{"firewall_name":"main","authenticator":"Symfony\\Component\\Security\\Http\\Authenticator\\FormLoginAuthenticator"},"level":100,"level_name":"DEBUG","channel":"security","datetime":"2025-04-01T15:28:17.765900+00:00","extra":{}}
{"message":"Checking support on authenticator.","context":{"firewall_name":"main","authenticator":"Symfony\\Component\\Security\\Http\\Authenticator\\RememberMeAuthenticator"},"level":100,"level_name":"DEBUG","channel":"security","datetime":"2025-04-01T15:28:17.766026+00:00","extra":{}}
{"message":"Authenticator does not support the request.","context":{"firewall_name":"main","authenticator":"Symfony\\Component\\Security\\Http\\Authenticator\\RememberMeAuthenticator"},"level":100,"level_name":"DEBUG","channel":"security","datetime":"2025-04-01T15:28:17.766162+00:00","extra":{}}
{"message":"Read existing security token from the session.","context":{"key":"_security_main","token_class":"Symfony\\Component\\Security\\Core\\Authentication\\Token\\UsernamePasswordToken"},"level":100,"level_name":"DEBUG","channel":"security","datetime":"2025-04-01T15:28:17.776234+00:00","extra":{}}
{"message":"User was reloaded from a user provider.","context":{"provider":"Symfony\\Bridge\\Doctrine\\Security\\User\\EntityUserProvider","username":"admin@repair-manager.local"},"level":100,"level_name":"DEBUG","channel":"security","datetime":"2025-04-01T15:28:17.846339+00:00","extra":{}}
{"message":"Stored the security token in the session.","context":{"key":"_security_main"},"level":100,"level_name":"DEBUG","channel":"security","datetime":"2025-04-01T15:28:17.917505+00:00","extra":{}}
{"message":"Checking for authenticator support.","context":{"firewall_name":"main","authenticators":2},"level":100,"level_name":"DEBUG","channel":"security","datetime":"2025-04-01T15:28:18.137621+00:00","extra":{}}
{"message":"Checking support on authenticator.","context":{"firewall_name":"main","authenticator":"Symfony\\Component\\Security\\Http\\Authenticator\\FormLoginAuthenticator"},"level":100,"level_name":"DEBUG","channel":"security","datetime":"2025-04-01T15:28:18.137802+00:00","extra":{}}
{"message":"Authenticator does not support the request.","context":{"firewall_name":"main","authenticator":"Symfony\\Component\\Security\\Http\\Authenticator\\FormLoginAuthenticator"},"level":100,"level_name":"DEBUG","channel":"security","datetime":"2025-04-01T15:28:18.137879+00:00","extra":{}}
{"message":"Checking support on authenticator.","context":{"firewall_name":"main","authenticator":"Symfony\\Component\\Security\\Http\\Authenticator\\RememberMeAuthenticator"},"level":100,"level_name":"DEBUG","channel":"security","datetime":"2025-04-01T15:28:18.137944+00:00","extra":{}}
{"message":"Authenticator does not support the request.","context":{"firewall_name":"main","authenticator":"Symfony\\Component\\Security\\Http\\Authenticator\\RememberMeAuthenticator"},"level":100,"level_name":"DEBUG","channel":"security","datetime":"2025-04-01T15:28:18.138019+00:00","extra":{}}
{"message":"Read existing security token from the session.","context":{"key":"_security_main","token_class":"Symfony\\Component\\Security\\Core\\Authentication\\Token\\UsernamePasswordToken"},"level":100,"level_name":"DEBUG","channel":"security","datetime":"2025-04-01T15:28:18.158172+00:00","extra":{}}
{"message":"User was reloaded from a user provider.","context":{"provider":"Symfony\\Bridge\\Doctrine\\Security\\User\\EntityUserProvider","username":"admin@repair-manager.local"},"level":100,"level_name":"DEBUG","channel":"security","datetime":"2025-04-01T15:28:18.236879+00:00","extra":{}}
{"message":"Stored the security token in the session.","context":{"key":"_security_main"},"level":100,"level_name":"DEBUG","channel":"security","datetime":"2025-04-01T15:28:18.251711+00:00","extra":{}}
{"message":"Checking for authenticator support.","context":{"firewall_name":"main","authenticators":2},"level":100,"level_name":"DEBUG","channel":"security","datetime":"2025-04-01T15:28:18.635092+00:00","extra":{}}
{"message":"Checking support on authenticator.","context":{"firewall_name":"main","authenticator":"Symfony\\Component\\Security\\Http\\Authenticator\\FormLoginAuthenticator"},"level":100,"level_name":"DEBUG","channel":"security","datetime":"2025-04-01T15:28:18.635291+00:00","extra":{}}
{"message":"Authenticator does not support the request.","context":{"firewall_name":"main","authenticator":"Symfony\\Component\\Security\\Http\\Authenticator\\FormLoginAuthenticator"},"level":100,"level_name":"DEBUG","channel":"security","datetime":"2025-04-01T15:28:18.635403+00:00","extra":{}}
{"message":"Checking support on authenticator.","context":{"firewall_name":"main","authenticator":"Symfony\\Component\\Security\\Http\\Authenticator\\RememberMeAuthenticator"},"level":100,"level_name":"DEBUG","channel":"security","datetime":"2025-04-01T15:28:18.635504+00:00","extra":{}}
{"message":"Authenticator does not support the request.","context":{"firewall_name":"main","authenticator":"Symfony\\Component\\Security\\Http\\Authenticator\\RememberMeAuthenticator"},"level":100,"level_name":"DEBUG","channel":"security","datetime":"2025-04-01T15:28:18.635639+00:00","extra":{}}
{"message":"Read existing security token from the session.","context":{"key":"_security_main","token_class":"Symfony\\Component\\Security\\Core\\Authentication\\Token\\UsernamePasswordToken"},"level":100,"level_name":"DEBUG","channel":"security","datetime":"2025-04-01T15:28:18.645884+00:00","extra":{}}
{"message":"User was reloaded from a user provider.","context":{"provider":"Symfony\\Bridge\\Doctrine\\Security\\User\\EntityUserProvider","username":"admin@repair-manager.local"},"level":100,"level_name":"DEBUG","channel":"security","datetime":"2025-04-01T15:28:18.710553+00:00","extra":{}}
{"message":"Stored the security token in the session.","context":{"key":"_security_main"},"level":100,"level_name":"DEBUG","channel":"security","datetime":"2025-04-01T15:28:18.777690+00:00","extra":{}}
{"message":"Read existing security token from the session.","context":{"key":"_security_main","token_class":"Symfony\\Component\\Security\\Core\\Authentication\\Token\\UsernamePasswordToken"},"level":100,"level_name":"DEBUG","channel":"security","datetime":"2025-04-01T15:30:30.334413+00:00","extra":{}}
{"message":"User was reloaded from a user provider.","context":{"provider":"Symfony\\Bridge\\Doctrine\\Security\\User\\EntityUserProvider","username":"admin@repair-manager.local"},"level":100,"level_name":"DEBUG","channel":"security","datetime":"2025-04-01T15:30:30.518746+00:00","extra":{}}
{"message":"Checking for authenticator support.","context":{"firewall_name":"main","authenticators":2},"level":100,"level_name":"DEBUG","channel":"security","datetime":"2025-04-01T15:30:30.519387+00:00","extra":{}}
{"message":"Checking support on authenticator.","context":{"firewall_name":"main","authenticator":"Symfony\\Component\\Security\\Http\\Authenticator\\FormLoginAuthenticator"},"level":100,"level_name":"DEBUG","channel":"security","datetime":"2025-04-01T15:30:30.519693+00:00","extra":{}}
{"message":"Checking support on authenticator.","context":{"firewall_name":"main","authenticator":"Symfony\\Component\\Security\\Http\\Authenticator\\RememberMeAuthenticator"},"level":100,"level_name":"DEBUG","channel":"security","datetime":"2025-04-01T15:30:30.520050+00:00","extra":{}}
{"message":"Authenticator does not support the request.","context":{"firewall_name":"main","authenticator":"Symfony\\Component\\Security\\Http\\Authenticator\\RememberMeAuthenticator"},"level":100,"level_name":"DEBUG","channel":"security","datetime":"2025-04-01T15:30:30.520796+00:00","extra":{}}
{"message":"Authenticator failed.","context":{"exception":{"class":"Symfony\\Component\\Security\\Core\\Exception\\InvalidCsrfTokenException","message":"Invalid CSRF token.","code":0,"file":"/project/sandbox/user-workspace/repair-manager/vendor/symfony/security-http/EventListener/CsrfProtectionListener.php:51"},"authenticator":"Symfony\\Component\\Security\\Http\\Authenticator\\FormLoginAuthenticator"},"level":200,"level_name":"INFO","channel":"security","datetime":"2025-04-01T15:30:30.535864+00:00","extra":{}}
{"message":"Authentication failure, redirect triggered.","context":{"failure_path":"app_login"},"level":100,"level_name":"DEBUG","channel":"security","datetime":"2025-04-01T15:30:30.536112+00:00","extra":{}}
{"message":"The \"Symfony\\Component\\Security\\Http\\Authenticator\\FormLoginAuthenticator\" authenticator set the failure response.","context":{"authenticator":"Symfony\\Component\\Security\\Http\\Authenticator\\FormLoginAuthenticator"},"level":100,"level_name":"DEBUG","channel":"security","datetime":"2025-04-01T15:30:30.549647+00:00","extra":{}}
{"message":"Clearing remember-me cookie.","context":{"name":"REMEMBERME"},"level":100,"level_name":"DEBUG","channel":"security","datetime":"2025-04-01T15:30:30.550588+00:00","extra":{}}
{"message":"The \"Symfony\\Component\\Security\\Http\\Authenticator\\FormLoginAuthenticator\" authenticator set the response. Any later authenticator will not be called","context":{"authenticator":"Symfony\\Component\\Security\\Http\\Authenticator\\FormLoginAuthenticator"},"level":100,"level_name":"DEBUG","channel":"security","datetime":"2025-04-01T15:30:30.552676+00:00","extra":{}}
{"message":"Stored the security token in the session.","context":{"key":"_security_main"},"level":100,"level_name":"DEBUG","channel":"security","datetime":"2025-04-01T15:30:30.578005+00:00","extra":{}}
{"message":"Checking for authenticator support.","context":{"firewall_name":"main","authenticators":2},"level":100,"level_name":"DEBUG","channel":"security","datetime":"2025-04-01T15:30:31.427753+00:00","extra":{}}
{"message":"Checking support on authenticator.","context":{"firewall_name":"main","authenticator":"Symfony\\Component\\Security\\Http\\Authenticator\\FormLoginAuthenticator"},"level":100,"level_name":"DEBUG","channel":"security","datetime":"2025-04-01T15:30:31.428475+00:00","extra":{}}
{"message":"Authenticator does not support the request.","context":{"firewall_name":"main","authenticator":"Symfony\\Component\\Security\\Http\\Authenticator\\FormLoginAuthenticator"},"level":100,"level_name":"DEBUG","channel":"security","datetime":"2025-04-01T15:30:31.428883+00:00","extra":{}}
{"message":"Checking support on authenticator.","context":{"firewall_name":"main","authenticator":"Symfony\\Component\\Security\\Http\\Authenticator\\RememberMeAuthenticator"},"level":100,"level_name":"DEBUG","channel":"security","datetime":"2025-04-01T15:30:31.429314+00:00","extra":{}}
{"message":"Authenticator does not support the request.","context":{"firewall_name":"main","authenticator":"Symfony\\Component\\Security\\Http\\Authenticator\\RememberMeAuthenticator"},"level":100,"level_name":"DEBUG","channel":"security","datetime":"2025-04-01T15:30:31.429730+00:00","extra":{}}
{"message":"Read existing security token from the session.","context":{"key":"_security_main","token_class":"Symfony\\Component\\Security\\Core\\Authentication\\Token\\UsernamePasswordToken"},"level":100,"level_name":"DEBUG","channel":"security","datetime":"2025-04-01T15:30:31.494882+00:00","extra":{}}
{"message":"User was reloaded from a user provider.","context":{"provider":"Symfony\\Bridge\\Doctrine\\Security\\User\\EntityUserProvider","username":"admin@repair-manager.local"},"level":100,"level_name":"DEBUG","channel":"security","datetime":"2025-04-01T15:30:31.532262+00:00","extra":{}}
{"message":"Stored the security token in the session.","context":{"key":"_security_main"},"level":100,"level_name":"DEBUG","channel":"security","datetime":"2025-04-01T15:30:31.543337+00:00","extra":{}}
{"message":"Checking for authenticator support.","context":{"firewall_name":"main","authenticators":2},"level":100,"level_name":"DEBUG","channel":"security","datetime":"2025-04-01T15:30:31.931374+00:00","extra":{}}
{"message":"Checking support on authenticator.","context":{"firewall_name":"main","authenticator":"Symfony\\Component\\Security\\Http\\Authenticator\\FormLoginAuthenticator"},"level":100,"level_name":"DEBUG","channel":"security","datetime":"2025-04-01T15:30:31.931514+00:00","extra":{}}
{"message":"Authenticator does not support the request.","context":{"firewall_name":"main","authenticator":"Symfony\\Component\\Security\\Http\\Authenticator\\FormLoginAuthenticator"},"level":100,"level_name":"DEBUG","channel":"security","datetime":"2025-04-01T15:30:31.931597+00:00","extra":{}}
{"message":"Checking support on authenticator.","context":{"firewall_name":"main","authenticator":"Symfony\\Component\\Security\\Http\\Authenticator\\RememberMeAuthenticator"},"level":100,"level_name":"DEBUG","channel":"security","datetime":"2025-04-01T15:30:31.931671+00:00","extra":{}}
{"message":"Authenticator does not support the request.","context":{"firewall_name":"main","authenticator":"Symfony\\Component\\Security\\Http\\Authenticator\\RememberMeAuthenticator"},"level":100,"level_name":"DEBUG","channel":"security","datetime":"2025-04-01T15:30:31.931750+00:00","extra":{}}
{"message":"Read existing security token from the session.","context":{"key":"_security_main","token_class":"Symfony\\Component\\Security\\Core\\Authentication\\Token\\UsernamePasswordToken"},"level":100,"level_name":"DEBUG","channel":"security","datetime":"2025-04-01T15:30:31.942058+00:00","extra":{}}
{"message":"User was reloaded from a user provider.","context":{"provider":"Symfony\\Bridge\\Doctrine\\Security\\User\\EntityUserProvider","username":"admin@repair-manager.local"},"level":100,"level_name":"DEBUG","channel":"security","datetime":"2025-04-01T15:30:32.004052+00:00","extra":{}}
{"message":"Stored the security token in the session.","context":{"key":"_security_main"},"level":100,"level_name":"DEBUG","channel":"security","datetime":"2025-04-01T15:30:32.023856+00:00","extra":{}}
{"message":"Checking for authenticator support.","context":{"firewall_name":"main","authenticators":2},"level":100,"level_name":"DEBUG","channel":"security","datetime":"2025-04-01T15:30:32.545386+00:00","extra":{}}
{"message":"Checking support on authenticator.","context":{"firewall_name":"main","authenticator":"Symfony\\Component\\Security\\Http\\Authenticator\\FormLoginAuthenticator"},"level":100,"level_name":"DEBUG","channel":"security","datetime":"2025-04-01T15:30:32.545529+00:00","extra":{}}
{"message":"Authenticator does not support the request.","context":{"firewall_name":"main","authenticator":"Symfony\\Component\\Security\\Http\\Authenticator\\FormLoginAuthenticator"},"level":100,"level_name":"DEBUG","channel":"security","datetime":"2025-04-01T15:30:32.545609+00:00","extra":{}}
{"message":"Checking support on authenticator.","context":{"firewall_name":"main","authenticator":"Symfony\\Component\\Security\\Http\\Authenticator\\RememberMeAuthenticator"},"level":100,"level_name":"DEBUG","channel":"security","datetime":"2025-04-01T15:30:32.545683+00:00","extra":{}}
{"message":"Authenticator does not support the request.","context":{"firewall_name":"main","authenticator":"Symfony\\Component\\Security\\Http\\Authenticator\\RememberMeAuthenticator"},"level":100,"level_name":"DEBUG","channel":"security","datetime":"2025-04-01T15:30:32.545763+00:00","extra":{}}
{"message":"Read existing security token from the session.","context":{"key":"_security_main","token_class":"Symfony\\Component\\Security\\Core\\Authentication\\Token\\UsernamePasswordToken"},"level":100,"level_name":"DEBUG","channel":"security","datetime":"2025-04-01T15:30:32.555604+00:00","extra":{}}
{"message":"User was reloaded from a user provider.","context":{"provider":"Symfony\\Bridge\\Doctrine\\Security\\User\\EntityUserProvider","username":"admin@repair-manager.local"},"level":100,"level_name":"DEBUG","channel":"security","datetime":"2025-04-01T15:30:32.618636+00:00","extra":{}}
{"message":"Stored the security token in the session.","context":{"key":"_security_main"},"level":100,"level_name":"DEBUG","channel":"security","datetime":"2025-04-01T15:30:32.707170+00:00","extra":{}}
{"message":"Read existing security token from the session.","context":{"key":"_security_main","token_class":"Symfony\\Component\\Security\\Core\\Authentication\\Token\\UsernamePasswordToken"},"level":100,"level_name":"DEBUG","channel":"security","datetime":"2025-04-01T15:36:22.987567+00:00","extra":{}}
{"message":"Username could not be found in the selected user provider.","context":{"username":"{\"id\":3}","provider":"Symfony\\Bridge\\Doctrine\\Security\\User\\EntityUserProvider"},"level":300,"level_name":"WARNING","channel":"security","datetime":"2025-04-01T15:36:23.086307+00:00","extra":{}}
{"message":"Token was deauthenticated after trying to refresh it.","context":{},"level":100,"level_name":"DEBUG","channel":"security","datetime":"2025-04-01T15:36:23.086470+00:00","extra":{}}
{"message":"Clearing remember-me cookie.","context":{"name":"REMEMBERME"},"level":100,"level_name":"DEBUG","channel":"security","datetime":"2025-04-01T15:36:23.086941+00:00","extra":{}}
{"message":"Checking for authenticator support.","context":{"firewall_name":"main","authenticators":2},"level":100,"level_name":"DEBUG","channel":"security","datetime":"2025-04-01T15:36:23.088796+00:00","extra":{}}
{"message":"Checking support on authenticator.","context":{"firewall_name":"main","authenticator":"Symfony\\Component\\Security\\Http\\Authenticator\\FormLoginAuthenticator"},"level":100,"level_name":"DEBUG","channel":"security","datetime":"2025-04-01T15:36:23.088879+00:00","extra":{}}
{"message":"Checking support on authenticator.","context":{"firewall_name":"main","authenticator":"Symfony\\Component\\Security\\Http\\Authenticator\\RememberMeAuthenticator"},"level":100,"level_name":"DEBUG","channel":"security","datetime":"2025-04-01T15:36:23.088961+00:00","extra":{}}
{"message":"Authenticator does not support the request.","context":{"firewall_name":"main","authenticator":"Symfony\\Component\\Security\\Http\\Authenticator\\RememberMeAuthenticator"},"level":100,"level_name":"DEBUG","channel":"security","datetime":"2025-04-01T15:36:23.089220+00:00","extra":{}}
{"message":"Authenticator failed.","context":{"exception":{"class":"Symfony\\Component\\Security\\Core\\Exception\\InvalidCsrfTokenException","message":"Invalid CSRF token.","code":0,"file":"/project/sandbox/user-workspace/repair-manager/vendor/symfony/security-http/EventListener/CsrfProtectionListener.php:51"},"authenticator":"Symfony\\Component\\Security\\Http\\Authenticator\\FormLoginAuthenticator"},"level":200,"level_name":"INFO","channel":"security","datetime":"2025-04-01T15:36:23.097552+00:00","extra":{}}
{"message":"Authentication failure, redirect triggered.","context":{"failure_path":"app_login"},"level":100,"level_name":"DEBUG","channel":"security","datetime":"2025-04-01T15:36:23.097814+00:00","extra":{}}
{"message":"The \"Symfony\\Component\\Security\\Http\\Authenticator\\FormLoginAuthenticator\" authenticator set the failure response.","context":{"authenticator":"Symfony\\Component\\Security\\Http\\Authenticator\\FormLoginAuthenticator"},"level":100,"level_name":"DEBUG","channel":"security","datetime":"2025-04-01T15:36:23.106387+00:00","extra":{}}
{"message":"Clearing remember-me cookie.","context":{"name":"REMEMBERME"},"level":100,"level_name":"DEBUG","channel":"security","datetime":"2025-04-01T15:36:23.106865+00:00","extra":{}}
{"message":"The \"Symfony\\Component\\Security\\Http\\Authenticator\\FormLoginAuthenticator\" authenticator set the response. Any later authenticator will not be called","context":{"authenticator":"Symfony\\Component\\Security\\Http\\Authenticator\\FormLoginAuthenticator"},"level":100,"level_name":"DEBUG","channel":"security","datetime":"2025-04-01T15:36:23.107076+00:00","extra":{}}
{"message":"Checking for authenticator support.","context":{"firewall_name":"main","authenticators":2},"level":100,"level_name":"DEBUG","channel":"security","datetime":"2025-04-01T15:36:23.551917+00:00","extra":{}}
{"message":"Checking support on authenticator.","context":{"firewall_name":"main","authenticator":"Symfony\\Component\\Security\\Http\\Authenticator\\FormLoginAuthenticator"},"level":100,"level_name":"DEBUG","channel":"security","datetime":"2025-04-01T15:36:23.552100+00:00","extra":{}}
{"message":"Authenticator does not support the request.","context":{"firewall_name":"main","authenticator":"Symfony\\Component\\Security\\Http\\Authenticator\\FormLoginAuthenticator"},"level":100,"level_name":"DEBUG","channel":"security","datetime":"2025-04-01T15:36:23.552181+00:00","extra":{}}
{"message":"Checking support on authenticator.","context":{"firewall_name":"main","authenticator":"Symfony\\Component\\Security\\Http\\Authenticator\\RememberMeAuthenticator"},"level":100,"level_name":"DEBUG","channel":"security","datetime":"2025-04-01T15:36:23.552340+00:00","extra":{}}
{"message":"Authenticator does not support the request.","context":{"firewall_name":"main","authenticator":"Symfony\\Component\\Security\\Http\\Authenticator\\RememberMeAuthenticator"},"level":100,"level_name":"DEBUG","channel":"security","datetime":"2025-04-01T15:36:23.552424+00:00","extra":{}}
{"message":"Checking for authenticator support.","context":{"firewall_name":"main","authenticators":2},"level":100,"level_name":"DEBUG","channel":"security","datetime":"2025-04-01T15:36:47.064627+00:00","extra":{}}
{"message":"Checking support on authenticator.","context":{"firewall_name":"main","authenticator":"Symfony\\Component\\Security\\Http\\Authenticator\\FormLoginAuthenticator"},"level":100,"level_name":"DEBUG","channel":"security","datetime":"2025-04-01T15:36:47.064793+00:00","extra":{}}
{"message":"Authenticator does not support the request.","context":{"firewall_name":"main","authenticator":"Symfony\\Component\\Security\\Http\\Authenticator\\FormLoginAuthenticator"},"level":100,"level_name":"DEBUG","channel":"security","datetime":"2025-04-01T15:36:47.064880+00:00","extra":{}}
{"message":"Checking support on authenticator.","context":{"firewall_name":"main","authenticator":"Symfony\\Component\\Security\\Http\\Authenticator\\RememberMeAuthenticator"},"level":100,"level_name":"DEBUG","channel":"security","datetime":"2025-04-01T15:36:47.064950+00:00","extra":{}}
{"message":"Authenticator does not support the request.","context":{"firewall_name":"main","authenticator":"Symfony\\Component\\Security\\Http\\Authenticator\\RememberMeAuthenticator"},"level":100,"level_name":"DEBUG","channel":"security","datetime":"2025-04-01T15:36:47.065025+00:00","extra":{}}
{"message":"Checking for authenticator support.","context":{"firewall_name":"main","authenticators":2},"level":100,"level_name":"DEBUG","channel":"security","datetime":"2025-04-01T15:38:16.007526+00:00","extra":{}}
{"message":"Checking support on authenticator.","context":{"firewall_name":"main","authenticator":"Symfony\\Component\\Security\\Http\\Authenticator\\FormLoginAuthenticator"},"level":100,"level_name":"DEBUG","channel":"security","datetime":"2025-04-01T15:38:16.007706+00:00","extra":{}}
{"message":"Checking support on authenticator.","context":{"firewall_name":"main","authenticator":"Symfony\\Component\\Security\\Http\\Authenticator\\RememberMeAuthenticator"},"level":100,"level_name":"DEBUG","channel":"security","datetime":"2025-04-01T15:38:16.007790+00:00","extra":{}}
{"message":"Authenticator does not support the request.","context":{"firewall_name":"main","authenticator":"Symfony\\Component\\Security\\Http\\Authenticator\\RememberMeAuthenticator"},"level":100,"level_name":"DEBUG","channel":"security","datetime":"2025-04-01T15:38:16.007979+00:00","extra":{}}
{"message":"Authenticator successful!","context":{"token":"UsernamePasswordToken(user=\"admin@repair-manager.local\", roles=\"ROLE_ADMIN, ROLE_USER\")","authenticator":"Symfony\\Component\\Security\\Http\\Authenticator\\FormLoginAuthenticator"},"level":200,"level_name":"INFO","channel":"security","datetime":"2025-04-01T15:38:16.540991+00:00","extra":{}}
{"message":"User login successful","context":{"ip":"::1","user_agent":"Mozilla/5.0 (Macintosh; Intel Mac OS X 10_15_7) AppleWebKit/537.36 (KHTML, like Gecko) Chrome/128.0.0.0 Safari/537.36","user":"admin@repair-manager.local","ip_address":"::1","request_uri":"/login","timestamp":"2025-04-01 15:38:16"},"level":200,"level_name":"INFO","channel":"security","datetime":"2025-04-01T15:38:16.545971+00:00","extra":{}}
{"message":"Clearing remember-me cookie.","context":{"name":"REMEMBERME"},"level":100,"level_name":"DEBUG","channel":"security","datetime":"2025-04-01T15:38:16.548066+00:00","extra":{}}
{"message":"Remember me skipped: the RememberMeBadge is not enabled.","context":{},"level":100,"level_name":"DEBUG","channel":"security","datetime":"2025-04-01T15:38:16.549018+00:00","extra":{}}
{"message":"The \"Symfony\\Component\\Security\\Http\\Authenticator\\FormLoginAuthenticator\" authenticator set the response. Any later authenticator will not be called","context":{"authenticator":"Symfony\\Component\\Security\\Http\\Authenticator\\FormLoginAuthenticator"},"level":100,"level_name":"DEBUG","channel":"security","datetime":"2025-04-01T15:38:16.549985+00:00","extra":{}}
{"message":"Stored the security token in the session.","context":{"key":"_security_main"},"level":100,"level_name":"DEBUG","channel":"security","datetime":"2025-04-01T15:38:16.557439+00:00","extra":{}}
{"message":"Checking for authenticator support.","context":{"firewall_name":"main","authenticators":2},"level":100,"level_name":"DEBUG","channel":"security","datetime":"2025-04-01T15:38:16.737955+00:00","extra":{}}
{"message":"Checking support on authenticator.","context":{"firewall_name":"main","authenticator":"Symfony\\Component\\Security\\Http\\Authenticator\\FormLoginAuthenticator"},"level":100,"level_name":"DEBUG","channel":"security","datetime":"2025-04-01T15:38:16.738290+00:00","extra":{}}
{"message":"Authenticator does not support the request.","context":{"firewall_name":"main","authenticator":"Symfony\\Component\\Security\\Http\\Authenticator\\FormLoginAuthenticator"},"level":100,"level_name":"DEBUG","channel":"security","datetime":"2025-04-01T15:38:16.738433+00:00","extra":{}}
{"message":"Checking support on authenticator.","context":{"firewall_name":"main","authenticator":"Symfony\\Component\\Security\\Http\\Authenticator\\RememberMeAuthenticator"},"level":100,"level_name":"DEBUG","channel":"security","datetime":"2025-04-01T15:38:16.738671+00:00","extra":{}}
{"message":"Authenticator does not support the request.","context":{"firewall_name":"main","authenticator":"Symfony\\Component\\Security\\Http\\Authenticator\\RememberMeAuthenticator"},"level":100,"level_name":"DEBUG","channel":"security","datetime":"2025-04-01T15:38:16.738933+00:00","extra":{}}
{"message":"Read existing security token from the session.","context":{"key":"_security_main","token_class":"Symfony\\Component\\Security\\Core\\Authentication\\Token\\UsernamePasswordToken"},"level":100,"level_name":"DEBUG","channel":"security","datetime":"2025-04-01T15:38:16.749203+00:00","extra":{}}
{"message":"User was reloaded from a user provider.","context":{"provider":"Symfony\\Bridge\\Doctrine\\Security\\User\\EntityUserProvider","username":"admin@repair-manager.local"},"level":100,"level_name":"DEBUG","channel":"security","datetime":"2025-04-01T15:38:16.816811+00:00","extra":{}}
{"message":"Stored the security token in the session.","context":{"key":"_security_main"},"level":100,"level_name":"DEBUG","channel":"security","datetime":"2025-04-01T15:38:16.831943+00:00","extra":{}}
{"message":"Checking for authenticator support.","context":{"firewall_name":"main","authenticators":2},"level":100,"level_name":"DEBUG","channel":"security","datetime":"2025-04-01T15:38:16.987669+00:00","extra":{}}
{"message":"Checking support on authenticator.","context":{"firewall_name":"main","authenticator":"Symfony\\Component\\Security\\Http\\Authenticator\\FormLoginAuthenticator"},"level":100,"level_name":"DEBUG","channel":"security","datetime":"2025-04-01T15:38:16.987803+00:00","extra":{}}
{"message":"Authenticator does not support the request.","context":{"firewall_name":"main","authenticator":"Symfony\\Component\\Security\\Http\\Authenticator\\FormLoginAuthenticator"},"level":100,"level_name":"DEBUG","channel":"security","datetime":"2025-04-01T15:38:16.987905+00:00","extra":{}}
{"message":"Checking support on authenticator.","context":{"firewall_name":"main","authenticator":"Symfony\\Component\\Security\\Http\\Authenticator\\RememberMeAuthenticator"},"level":100,"level_name":"DEBUG","channel":"security","datetime":"2025-04-01T15:38:16.987979+00:00","extra":{}}
{"message":"Authenticator does not support the request.","context":{"firewall_name":"main","authenticator":"Symfony\\Component\\Security\\Http\\Authenticator\\RememberMeAuthenticator"},"level":100,"level_name":"DEBUG","channel":"security","datetime":"2025-04-01T15:38:16.988067+00:00","extra":{}}
{"message":"Read existing security token from the session.","context":{"key":"_security_main","token_class":"Symfony\\Component\\Security\\Core\\Authentication\\Token\\UsernamePasswordToken"},"level":100,"level_name":"DEBUG","channel":"security","datetime":"2025-04-01T15:38:16.997364+00:00","extra":{}}
{"message":"User was reloaded from a user provider.","context":{"provider":"Symfony\\Bridge\\Doctrine\\Security\\User\\EntityUserProvider","username":"admin@repair-manager.local"},"level":100,"level_name":"DEBUG","channel":"security","datetime":"2025-04-01T15:38:17.062045+00:00","extra":{}}
{"message":"Stored the security token in the session.","context":{"key":"_security_main"},"level":100,"level_name":"DEBUG","channel":"security","datetime":"2025-04-01T15:38:17.133121+00:00","extra":{}}
{"message":"Checking for authenticator support.","context":{"firewall_name":"main","authenticators":2},"level":100,"level_name":"DEBUG","channel":"security","datetime":"2025-04-01T15:42:22.280456+00:00","extra":{}}
{"message":"Checking support on authenticator.","context":{"firewall_name":"main","authenticator":"Symfony\\Component\\Security\\Http\\Authenticator\\FormLoginAuthenticator"},"level":100,"level_name":"DEBUG","channel":"security","datetime":"2025-04-01T15:42:22.281949+00:00","extra":{}}
{"message":"Checking support on authenticator.","context":{"firewall_name":"main","authenticator":"Symfony\\Component\\Security\\Http\\Authenticator\\RememberMeAuthenticator"},"level":100,"level_name":"DEBUG","channel":"security","datetime":"2025-04-01T15:42:22.282347+00:00","extra":{}}
{"message":"Authenticator does not support the request.","context":{"firewall_name":"main","authenticator":"Symfony\\Component\\Security\\Http\\Authenticator\\RememberMeAuthenticator"},"level":100,"level_name":"DEBUG","channel":"security","datetime":"2025-04-01T15:42:22.282942+00:00","extra":{}}
{"message":"Authenticator successful!","context":{"token":"UsernamePasswordToken(user=\"admin@repair-manager.local\", roles=\"ROLE_ADMIN, ROLE_USER\")","authenticator":"Symfony\\Component\\Security\\Http\\Authenticator\\FormLoginAuthenticator"},"level":200,"level_name":"INFO","channel":"security","datetime":"2025-04-01T15:42:22.926192+00:00","extra":{}}
{"message":"User login successful","context":{"ip":"::1","user_agent":"Mozilla/5.0 (Windows NT 10.0; Win64; x64) AppleWebKit/537.36 (KHTML, like Gecko) Chrome/134.0.0.0 Safari/537.36","user":"admin@repair-manager.local","ip_address":"::1","request_uri":"/login","timestamp":"2025-04-01 15:42:22"},"level":200,"level_name":"INFO","channel":"security","datetime":"2025-04-01T15:42:22.939754+00:00","extra":{}}
{"message":"Clearing remember-me cookie.","context":{"name":"REMEMBERME"},"level":100,"level_name":"DEBUG","channel":"security","datetime":"2025-04-01T15:42:22.942374+00:00","extra":{}}
{"message":"Remember me skipped: the RememberMeBadge is not enabled.","context":{},"level":100,"level_name":"DEBUG","channel":"security","datetime":"2025-04-01T15:42:22.945490+00:00","extra":{}}
{"message":"The \"Symfony\\Component\\Security\\Http\\Authenticator\\FormLoginAuthenticator\" authenticator set the response. Any later authenticator will not be called","context":{"authenticator":"Symfony\\Component\\Security\\Http\\Authenticator\\FormLoginAuthenticator"},"level":100,"level_name":"DEBUG","channel":"security","datetime":"2025-04-01T15:42:22.946467+00:00","extra":{}}
{"message":"Stored the security token in the session.","context":{"key":"_security_main"},"level":100,"level_name":"DEBUG","channel":"security","datetime":"2025-04-01T15:42:22.963987+00:00","extra":{}}
{"message":"Checking for authenticator support.","context":{"firewall_name":"main","authenticators":2},"level":100,"level_name":"DEBUG","channel":"security","datetime":"2025-04-01T15:42:23.243026+00:00","extra":{}}
{"message":"Checking support on authenticator.","context":{"firewall_name":"main","authenticator":"Symfony\\Component\\Security\\Http\\Authenticator\\FormLoginAuthenticator"},"level":100,"level_name":"DEBUG","channel":"security","datetime":"2025-04-01T15:42:23.243245+00:00","extra":{}}
{"message":"Authenticator does not support the request.","context":{"firewall_name":"main","authenticator":"Symfony\\Component\\Security\\Http\\Authenticator\\FormLoginAuthenticator"},"level":100,"level_name":"DEBUG","channel":"security","datetime":"2025-04-01T15:42:23.243398+00:00","extra":{}}
{"message":"Checking support on authenticator.","context":{"firewall_name":"main","authenticator":"Symfony\\Component\\Security\\Http\\Authenticator\\RememberMeAuthenticator"},"level":100,"level_name":"DEBUG","channel":"security","datetime":"2025-04-01T15:42:23.243576+00:00","extra":{}}
{"message":"Authenticator does not support the request.","context":{"firewall_name":"main","authenticator":"Symfony\\Component\\Security\\Http\\Authenticator\\RememberMeAuthenticator"},"level":100,"level_name":"DEBUG","channel":"security","datetime":"2025-04-01T15:42:23.243729+00:00","extra":{}}
{"message":"Checking for authenticator support.","context":{"firewall_name":"main","authenticators":2},"level":100,"level_name":"DEBUG","channel":"security","datetime":"2025-04-01T15:42:23.574998+00:00","extra":{}}
{"message":"Checking support on authenticator.","context":{"firewall_name":"main","authenticator":"Symfony\\Component\\Security\\Http\\Authenticator\\FormLoginAuthenticator"},"level":100,"level_name":"DEBUG","channel":"security","datetime":"2025-04-01T15:42:23.575364+00:00","extra":{}}
{"message":"Authenticator does not support the request.","context":{"firewall_name":"main","authenticator":"Symfony\\Component\\Security\\Http\\Authenticator\\FormLoginAuthenticator"},"level":100,"level_name":"DEBUG","channel":"security","datetime":"2025-04-01T15:42:23.575579+00:00","extra":{}}
{"message":"Checking support on authenticator.","context":{"firewall_name":"main","authenticator":"Symfony\\Component\\Security\\Http\\Authenticator\\RememberMeAuthenticator"},"level":100,"level_name":"DEBUG","channel":"security","datetime":"2025-04-01T15:42:23.575758+00:00","extra":{}}
{"message":"Authenticator does not support the request.","context":{"firewall_name":"main","authenticator":"Symfony\\Component\\Security\\Http\\Authenticator\\RememberMeAuthenticator"},"level":100,"level_name":"DEBUG","channel":"security","datetime":"2025-04-01T15:42:23.575931+00:00","extra":{}}
{"message":"Read existing security token from the session.","context":{"key":"_security_main","token_class":"Symfony\\Component\\Security\\Core\\Authentication\\Token\\UsernamePasswordToken"},"level":100,"level_name":"DEBUG","channel":"security","datetime":"2025-04-01T15:42:23.588228+00:00","extra":{}}
{"message":"User was reloaded from a user provider.","context":{"provider":"Symfony\\Bridge\\Doctrine\\Security\\User\\EntityUserProvider","username":"admin@repair-manager.local"},"level":100,"level_name":"DEBUG","channel":"security","datetime":"2025-04-01T15:42:23.662794+00:00","extra":{}}
{"message":"Stored the security token in the session.","context":{"key":"_security_main"},"level":100,"level_name":"DEBUG","channel":"security","datetime":"2025-04-01T15:42:23.679528+00:00","extra":{}}
{"message":"Checking for authenticator support.","context":{"firewall_name":"main","authenticators":2},"level":100,"level_name":"DEBUG","channel":"security","datetime":"2025-04-01T15:42:24.215481+00:00","extra":{}}
{"message":"Checking support on authenticator.","context":{"firewall_name":"main","authenticator":"Symfony\\Component\\Security\\Http\\Authenticator\\FormLoginAuthenticator"},"level":100,"level_name":"DEBUG","channel":"security","datetime":"2025-04-01T15:42:24.216016+00:00","extra":{}}
{"message":"Authenticator does not support the request.","context":{"firewall_name":"main","authenticator":"Symfony\\Component\\Security\\Http\\Authenticator\\FormLoginAuthenticator"},"level":100,"level_name":"DEBUG","channel":"security","datetime":"2025-04-01T15:42:24.216365+00:00","extra":{}}
{"message":"Checking support on authenticator.","context":{"firewall_name":"main","authenticator":"Symfony\\Component\\Security\\Http\\Authenticator\\RememberMeAuthenticator"},"level":100,"level_name":"DEBUG","channel":"security","datetime":"2025-04-01T15:42:24.216689+00:00","extra":{}}
{"message":"Authenticator does not support the request.","context":{"firewall_name":"main","authenticator":"Symfony\\Component\\Security\\Http\\Authenticator\\RememberMeAuthenticator"},"level":100,"level_name":"DEBUG","channel":"security","datetime":"2025-04-01T15:42:24.217034+00:00","extra":{}}
{"message":"Read existing security token from the session.","context":{"key":"_security_main","token_class":"Symfony\\Component\\Security\\Core\\Authentication\\Token\\UsernamePasswordToken"},"level":100,"level_name":"DEBUG","channel":"security","datetime":"2025-04-01T15:42:24.227777+00:00","extra":{}}
{"message":"User was reloaded from a user provider.","context":{"provider":"Symfony\\Bridge\\Doctrine\\Security\\User\\EntityUserProvider","username":"admin@repair-manager.local"},"level":100,"level_name":"DEBUG","channel":"security","datetime":"2025-04-01T15:42:24.312030+00:00","extra":{}}
{"message":"Stored the security token in the session.","context":{"key":"_security_main"},"level":100,"level_name":"DEBUG","channel":"security","datetime":"2025-04-01T15:42:24.413948+00:00","extra":{}}
